scrapeTopListPage
https://liginc.co.jp/blog
TOPページで最新記事を取得
scrapeDetailPage
{ title: '今回も大盛況！Webディレクター交流イベント「スナックちゃんれみ」第2回を開催しました！ | 東京上野のWeb制作会社LIG',
  url: 'https://liginc.co.jp/426465',
  postDate: '2018.10.12',
  author: 'きくりん',
  categories: 'Web制作;ディレクション;お知らせ/募集;イベント情報',
  ligLikeCount: '12',
  fbLikeCount: '2',
  tweetCount: '9',
  hatenaBCount: 1 }
scrapeDetailPage
{ title: 'ゲストハウス「LAMP壱岐」の支配人・せこによる、「LAMP壱岐」の魅力丸わかり講座 | 東京上野のWeb制作会社LIG',
  url: 'https://liginc.co.jp/425936',
  postDate: '2018.10.12',
  author: '勢古口',
  categories: 'LAMP壱岐;ゲストハウス',
  ligLikeCount: '50',
  fbLikeCount: '41',
  tweetCount: '8',
  hatenaBCount: 1 }
TOPページの他の記事を取得
前半の記事を確認するよ
前半の記事が存在するよ
scrapeDetailPage
{ title: '挑戦の秋！WordPressを始めるなら今だ！「WordPress入門講座〜動かそう！理解しよう！〜」※10/30(火)20:00〜＠いいオフィス上野 | 東京上野のWeb制作会社LIG',
  url: 'https://liginc.co.jp/428506',
  postDate: '2018.10.12',
  author: 'リョウタ',
  categories: 'Webクリエイタースクール;イベント情報;バックエンド;教育',
  ligLikeCount: '10',
  fbLikeCount: '1',
  tweetCount: '8',
  hatenaBCount: 1 }
前半の記事を確認するよ
前半の記事が存在するよ
scrapeDetailPage
{ title: 'デザインの未来を考えるイベント「CREATIVE X」第2弾を10/21(日)に六本木で開催します。 | 東京上野のWeb制作会社LIG',
  url: 'https://liginc.co.jp/428580',
  postDate: '2018.10.12',
  author: 'まこと',
  categories: 'Web制作;デザイン;お知らせ/募集;イベント情報',
  ligLikeCount: '25',
  fbLikeCount: '10',
  tweetCount: '16',
  hatenaBCount: 1 }
前半の記事を確認するよ
前半の記事が存在するよ
scrapeDetailPage
{ title: 'Google Homeで体重を記録してSlackへグラフを通知する仕組みを作りましたが、ダイエットには失敗しました。 | 東京上野のWeb制作会社LIG',
  url: 'https://liginc.co.jp/424470',
  postDate: '2018.10.12',
  author: 'まさくに',
  categories: 'Web制作;バックエンド',
  ligLikeCount: '11',
  fbLikeCount: '2',
  tweetCount: '8',
  hatenaBCount: 1 }
前半の記事を確認するよ
前半の記事が存在するよ
scrapeDetailPage
{ title: 'マンションの「賃貸」と「分譲」って結局どっちがお得なわけ？賃貸派と分譲派で朝まで徹底討論！ | 東京上野のWeb制作会社LIG',
  url: 'https://liginc.co.jp/423400',
  postDate: '2018.10.11',
  author: 'ガク',
  categories: 'ライフ;暮らし',
  ligLikeCount: '25',
  fbLikeCount: '13',
  tweetCount: '10',
  hatenaBCount: 2 }
前半の記事を確認するよ
前半の記事が存在するよ
scrapeDetailPage
{ title: '広島へようこそ！瀬戸内海を眺めながらリモートワークをしてみませんか？～「どこでもオフィス 」広島・江田島編～ | 東京上野のWeb制作会社LIG',
  url: 'https://liginc.co.jp/428460',
  postDate: '2018.10.11',
  author: 'まさし',
  categories: 'いいオフィス広島;コワーキング;地方創生;キャリア;働き方',
  ligLikeCount: '144',
  fbLikeCount: '125',
  tweetCount: '18',
  hatenaBCount: 1 }
前半の記事を確認するよ
後半記事をこれから読みます
後半の記事を確認するよ
後半の事が存在するよ
scrapeDetailPage
{ title: '【ベベ旅】シルクロードの果て。タクラマカン砂漠を求めて……はじまりの上海出発編 | 東京上野のWeb制作会社LIG',
  url: 'https://liginc.co.jp/429469',
  postDate: '2018.10.11',
  author: '野田クラクションべべー',
  categories: '動画',
  ligLikeCount: '8',
  fbLikeCount: '1',
  tweetCount: '6',
  hatenaBCount: 1 }
後半の記事を確認するよ
後半の事が存在するよ
scrapeDetailPage
{ title: 'あのARをブラウザで体験できる！「AR.js」で遊んでみた | 東京上野のWeb制作会社LIG',
  url: 'https://liginc.co.jp/426106',
  postDate: '2018.10.11',
  author: 'ハル',
  categories: 'Web制作;フロントエンド',
  ligLikeCount: '30',
  fbLikeCount: '5',
  tweetCount: '22',
  hatenaBCount: 3 }
後半の記事を確認するよ
後半の事が存在するよ
scrapeDetailPage
{ title: '「なぜ速い人はかっこいいと思っちゃうの？」元レースクイーンが大学教授・藤井先生に聞いてみた | 東京上野のWeb制作会社LIG',
  url: 'https://liginc.co.jp/424690',
  postDate: '2018.10.10',
  author: '三崎りの',
  categories: 'Webサービス;ライフ;暮らし',
  ligLikeCount: '143',
  fbLikeCount: '128',
  tweetCount: '13',
  hatenaBCount: 2 }
後半の記事を確認するよ
後半の事が存在するよ
scrapeDetailPage
{ title: '完全未経験者でも3ヶ月でWebサービスやアプリが作れるようになる！？プログラミングスクール「TECH BOOST（テックブースト）」に潜入してきた | 東京上野のWeb制作会社LIG',
  url: 'https://liginc.co.jp/424807',
  postDate: '2018.10.10',
  author: '観音クリエイション',
  categories: 'Webサービス',
  ligLikeCount: '181',
  fbLikeCount: '158',
  tweetCount: '21',
  hatenaBCount: 3 }
後半の記事を確認するよ
後半の事が存在するよ
scrapeDetailPage
{ title: '50分のブレイクダンスショー、横浜公演を終えました。出演者目線で稽古と本番の様子をレポート！【トリプルビル / Dance Dance Dance @ YOKOHAMA 2018】 | 東京上野のWeb制作会社LIG',
  url: 'https://liginc.co.jp/427400',
  postDate: '2018.10.10',
  author: 'Jona',
  categories: 'アート;エンタメ;芸能',
  ligLikeCount: '21',
  fbLikeCount: '12',
  tweetCount: '8',
  hatenaBCount: 1 }
後半の記事を確認するよ
後半の事が存在するよ
scrapeDetailPage
{ title: 'さくらのレンタルサーバが16倍速くなった＝「超スキルの駅員さんが複数の改札に立ってる」説！？ | 東京上野のWeb制作会社LIG',
  url: 'https://liginc.co.jp/425047',
  postDate: '2018.10.09',
  author: 'おかん',
  categories: 'Webサービス;ライフ;暮らし',
  ligLikeCount: '306',
  fbLikeCount: '269',
  tweetCount: '32',
  hatenaBCount: 5 }
後半の記事を確認するよ
後半の事が存在するよ
scrapeDetailPage
{ title: '10年間Webサイト制作の現場にいた僕が今更ながら全力ですすめるアプリ「Zeplin」でできること | 東京上野のWeb制作会社LIG',
  url: 'https://liginc.co.jp/423041',
  postDate: '2018.10.09',
  author: 'ヒガ',
  categories: 'Web制作;フロントエンド',
  ligLikeCount: '35',
  fbLikeCount: '2',
  tweetCount: '22',
  hatenaBCount: 11 }
後半の記事を確認するよ
後半の事が存在するよ
scrapeDetailPage
{ title: 'すべての「売れたいバンドマン」におくるWebツール活用術！【第2回：G Suite導入編】 | 東京上野のWeb制作会社LIG',
  url: 'https://liginc.co.jp/428593',
  postDate: '2018.10.09',
  author: 'リョウタ',
  categories: 'Web制作;バックエンド',
  ligLikeCount: '28',
  fbLikeCount: '7',
  tweetCount: '18',
  hatenaBCount: 3 }
後半の記事を確認するよ
後半の事が存在するよ
scrapeDetailPage
{ title: '【さよなら上野記念】コンテンツマーケティング無料相談会を開催します！ ～上野は卒業してもコンテンツ制作支援は卒業しません！～ | 東京上野のWeb制作会社LIG',
  url: 'https://liginc.co.jp/427225',
  postDate: '2018.10.09',
  author: 'まこりーぬ',
  categories: 'コンテンツ制作',
  ligLikeCount: '95',
  fbLikeCount: '79',
  tweetCount: '12',
  hatenaBCount: 5 }
後半の記事を確認するよ
後半の事が存在するよ
scrapeDetailPage
{ title: 'いつも「了解 英語」で検索しているあなたへ。「わかった」の英語表現をまとめました！【決定版】 | 東京上野のWeb制作会社LIG',
  url: 'https://liginc.co.jp/418883',
  postDate: '2018.10.09',
  author: 'くみちゃん',
  categories: '教育;英会話スクール',
  ligLikeCount: '11',
  fbLikeCount: '2',
  tweetCount: '7',
  hatenaBCount: 2 }
後半の記事を確認するよ
後半の事が存在するよ
scrapeDetailPage
{ title: 'Dribbbleはアニメーションの宝箱！スマホのイケてる動きまとめ | 東京上野のWeb制作会社LIG',
  url: 'https://liginc.co.jp/420762',
  postDate: '2018.10.08',
  author: 'ヴィクトリア',
  categories: 'Web制作;デザイン',
  ligLikeCount: '22',
  fbLikeCount: '4',
  tweetCount: '13',
  hatenaBCount: 6 }
後半の記事を確認するよ
後半の事が存在するよ
scrapeDetailPage
{ title: '35歳、IT業界未経験の僕が異業種からLIGへ転職した理由 | 東京上野のWeb制作会社LIG',
  url: 'https://liginc.co.jp/427895',
  postDate: '2018.10.08',
  author: '藤野てっぺい',
  categories: 'キャリア;コンテンツ制作',
  ligLikeCount: '8',
  fbLikeCount: '1',
  tweetCount: '6',
  hatenaBCount: 1 }
後半の記事を確認するよ
後半の事が存在するよ
scrapeDetailPage
{ title: '【都心のリゾート】水道橋・東京ドームシティにあるオアシス「スパ ラクーア」が天国って知ってた？ | 東京上野のWeb制作会社LIG',
  url: 'https://liginc.co.jp/427767',
  postDate: '2018.10.07',
  author: '野田クラクションべべー',
  categories: 'コンテンツ制作',
  ligLikeCount: '8',
  fbLikeCount: '0',
  tweetCount: '7',
  hatenaBCount: 1 }
後半の記事を確認するよ
このページのすべての記事を読み切ったよ
ページ遷移します
scrapeListPage
https://liginc.co.jp/blog/page/2
1秒待って記事をクリックする
scrapeDetailPage
{ title: '公園デートで使えるテクニックを学ぼう！#バージニアといっしょ。vol.5 | 東京上野のWeb制作会社LIG',
  url: 'https://liginc.co.jp/428960',
  postDate: '2018.10.07',
  author: 'バージニア',
  categories: 'ライフ;動画;恋愛/結婚',
  ligLikeCount: '7',
  fbLikeCount: '0',
  tweetCount: '6',
  hatenaBCount: 1 }
1秒待って記事をクリックする
scrapeDetailPage
{ title: '秋はやっぱりひやおろし！「鯛茶STAND」10月のお酒7種類を紹介します | 東京上野のWeb制作会社LIG',
  url: 'https://liginc.co.jp/428716',
  postDate: '2018.10.06',
  author: 'トク',
  categories: '鯛茶STAND;飲食',
  ligLikeCount: '8',
  fbLikeCount: '0',
  tweetCount: '7',
  hatenaBCount: 1 }
1秒待って記事をクリックする
scrapeDetailPage
{ title: '文章を書く上で必要なことってなんだろう？「ライティング講座」イベントレポート | 東京上野のWeb制作会社LIG',
  url: 'https://liginc.co.jp/428482',
  postDate: '2018.10.06',
  author: 'バージニア',
  categories: 'お知らせ/募集;イベント情報;コンテンツ制作;ライティング/編集',
  ligLikeCount: '90',
  fbLikeCount: '45',
  tweetCount: '34',
  hatenaBCount: 11 }
1秒待って記事をクリックする
scrapeDetailPage
{ title: '英語力は私を輝かせる。くみちゃん（START-UP ENGLISH by LIG運営） #エモーショナル社員紹介 vol.4 | 東京上野のWeb制作会社LIG',
  url: 'https://liginc.co.jp/428314',
  postDate: '2018.10.06',
  author: 'たわ吉',
  categories: 'コンテンツ制作;動画',
  ligLikeCount: '7',
  fbLikeCount: '0',
  tweetCount: '6',
  hatenaBCount: 1 }
1秒待って記事をクリックする
scrapeDetailPage
{ title: '【復習】若者言葉１０選 | 東京上野のWeb制作会社LIG',
  url: 'https://liginc.co.jp/421560',
  postDate: '2018.10.05',
  author: 'もりすけ',
  categories: 'コンテンツ制作;ライフ;言語',
  ligLikeCount: '45',
  fbLikeCount: '17',
  tweetCount: '25',
  hatenaBCount: 3 }
1秒待って記事をクリックする
scrapeDetailPage
{ title: '「Flask」でのエラーハンドリングについて考える | 東京上野のWeb制作会社LIG',
  url: 'https://liginc.co.jp/426034',
  postDate: '2018.10.05',
  author: 'エリカ',
  categories: 'Web制作;バックエンド',
  ligLikeCount: '11',
  fbLikeCount: '1',
  tweetCount: '8',
  hatenaBCount: 2 }
1秒待って記事をクリックする
scrapeDetailPage
{ title: '地域でライターを目指す！ゲストハウスLAMP豊後大野所属の地域おこし協力隊を募集します。 | 東京上野のWeb制作会社LIG',
  url: 'https://liginc.co.jp/425508',
  postDate: '2018.10.05',
  author: 'ケン',
  categories: 'LAMP豊後大野;ゲストハウス;地方創生',
  ligLikeCount: '138',
  fbLikeCount: '150',
  tweetCount: '13',
  hatenaBCount: 2 }
1秒待って記事をクリックする
scrapeDetailPage
{ title: '【ディレクターもプログラミングを学ぼう #10】任意のディレクトリに格納されているファイル名を一括でリネームする方法 | 東京上野のWeb制作会社LIG',
  url: 'https://liginc.co.jp/405598',
  postDate: '2018.10.05',
  author: 'Jack',
  categories: 'Web制作',
  ligLikeCount: '10',
  fbLikeCount: '0',
  tweetCount: '8',
  hatenaBCount: 2 }
1秒待って記事をクリックする
scrapeDetailPage
{ title: '「投資用マンションを持ってる」と言ったら、女性からどれくらいモテるのかやってみた。 | 東京上野のWeb制作会社LIG',
  url: 'https://liginc.co.jp/423377',
  postDate: '2018.10.04',
  author: '岩(ガン)',
  categories: 'ライフ;暮らし',
  ligLikeCount: '167',
  fbLikeCount: '159',
  tweetCount: '12',
  hatenaBCount: 1 }
1秒待って記事をクリックする
scrapeDetailPage
{ title: 'JavaScriptのArrayを知る。大きな目標への小さな一歩 〜Array.from編〜 | 東京上野のWeb制作会社LIG',
  url: 'https://liginc.co.jp/425855',
  postDate: '2018.10.04',
  author: 'ザワ',
  categories: 'Web制作;フロントエンド',
  ligLikeCount: '18',
  fbLikeCount: '0',
  tweetCount: '12',
  hatenaBCount: 6 }
前半記事を読みきったよ！これから後半記事を読みます
1秒待って記事をクリックする
scrapeDetailPage
{ title: '「動画クリエイティブ体験 〜撮影から編集、ロゴアニメーションまで作ってみよう〜」を開催します！※10/21(日)11時〜＠LIG本社 | 東京上野のWeb制作会社LIG',
  url: 'https://liginc.co.jp/426712',
  postDate: '2018.10.04',
  author: '天',
  categories: 'Webクリエイタースクール;イベント情報;カメラ/撮影;教育;映像',
  ligLikeCount: '10',
  fbLikeCount: '1',
  tweetCount: '8',
  hatenaBCount: 2 }
1秒待って記事をクリックする
scrapeDetailPage
{ title: '【べべと公園】人生2周目の佐々木バージニアが語る未来の自分像とは…… | 東京上野のWeb制作会社LIG',
  url: 'https://liginc.co.jp/427921',
  postDate: '2018.10.04',
  author: '野田クラクションべべー',
  categories: '動画',
  ligLikeCount: '7',
  fbLikeCount: '0',
  tweetCount: '6',
  hatenaBCount: 1 }
1秒待って記事をクリックする
scrapeDetailPage
{ title: 'ノンデザインで簡単！CSSフレームワーク「Bulma」でいろんなUIを実装してみた | 東京上野のWeb制作会社LIG',
  url: 'https://liginc.co.jp/424839',
  postDate: '2018.10.03',
  author: 'はやち',
  categories: 'Web制作;フロントエンド',
  ligLikeCount: '35',
  fbLikeCount: '1',
  tweetCount: '25',
  hatenaBCount: 9 }
1秒待って記事をクリックする
scrapeDetailPage
{ title: '【楽園都市・上野】上野駅徒歩5分、24時間営業「カプセルホテル＆サウナ 北欧」で出勤前に朝ウナすると最高 | 東京上野のWeb制作会社LIG',
  url: 'https://liginc.co.jp/427616',
  postDate: '2018.10.03',
  author: '野田クラクションべべー',
  categories: null,
  ligLikeCount: '35',
  fbLikeCount: '12',
  tweetCount: '23',
  hatenaBCount: 0 }
1秒待って記事をクリックする
scrapeDetailPage
{ title: '会社員が突然、腎不全になったらすべき手続きをまとめました | 東京上野のWeb制作会社LIG',
  url: 'https://liginc.co.jp/420966',
  postDate: '2018.10.03',
  author: 'こやにい',
  categories: 'ライフ;暮らし',
  ligLikeCount: '161',
  fbLikeCount: '134',
  tweetCount: '20',
  hatenaBCount: 8 }
1秒待って記事をクリックする
scrapeDetailPage
{ title: '日本で手に入る「最も深いグラス」で勤務中にビールを回し飲みしたら、社員一同、至福の深みを感じた。 | 東京上野のWeb制作会社LIG',
  url: 'https://liginc.co.jp/425171',
  postDate: '2018.10.02',
  author: '紳さん',
  categories: 'ライフ;暮らし',
  ligLikeCount: '314',
  fbLikeCount: '318',
  tweetCount: '19',
  hatenaBCount: 1 }
1秒待って記事をクリックする
scrapeDetailPage
{ title: 'すべての「売れたいバンドマン」におくるWebツール活用術！【第1回：紹介編】 | 東京上野のWeb制作会社LIG',
  url: 'https://liginc.co.jp/418442',
  postDate: '2018.10.02',
  author: 'リョウタ',
  categories: 'Web制作;バックエンド',
  ligLikeCount: '352',
  fbLikeCount: '160',
  tweetCount: '197',
  hatenaBCount: 7 }
1秒待って記事をクリックする
scrapeDetailPage
{ title: 'イベントやセミナーの登壇者必見！初心者でも緊張せずに、うまく進行する方法 | 東京上野のWeb制作会社LIG',
  url: 'https://liginc.co.jp/425229',
  postDate: '2018.10.02',
  author: 'ちゃんれみ',
  categories: 'Web制作;ディレクション',
  ligLikeCount: '30',
  fbLikeCount: '5',
  tweetCount: '21',
  hatenaBCount: 4 }
1秒待って記事をクリックする
scrapeDetailPage
{ title: 'コミュニケーションコスト半減！？社内のナレッジが蓄積されるツール「Qast」を使ってみた | 東京上野のWeb制作会社LIG',
  url: 'https://liginc.co.jp/425278',
  postDate: '2018.10.01',
  author: 'よすけ',
  categories: 'Webサービス',
  ligLikeCount: '124',
  fbLikeCount: '110',
  tweetCount: '12',
  hatenaBCount: 2 }
1秒待って記事をクリックする
scrapeDetailPage
{ title: '事務作業はプロにおまかせ！社員が重要な価値に集中できる事務代行サービス「BizMow」とは？ | 東京上野のWeb制作会社LIG',
  url: 'https://liginc.co.jp/414932',
  postDate: '2018.10.01',
  author: '岩(ガン)',
  categories: 'マネジメント;経営',
  ligLikeCount: '295',
  fbLikeCount: '314',
  tweetCount: '6',
  hatenaBCount: 1 }
すべての記事を読みました。
存在する場合、ページに遷移
scrapeListPage
https://liginc.co.jp/blog/page/3
1秒待って記事をクリックする
scrapeDetailPage
{ title: 'セブ島IT留学→企業で実務経験が積める！？Kredoの「海外ITインターン留学」についてまとめました。 | 東京上野のWeb制作会社LIG',
  url: 'https://liginc.co.jp/416193',
  postDate: '2018.10.01',
  author: 'Saika',
  categories: 'いいオフィスセブ;コワーキング;海外事業',
  ligLikeCount: '19',
  fbLikeCount: '7',
  tweetCount: '11',
  hatenaBCount: 1 }
1秒待って記事をクリックする
scrapeDetailPage
{ title: '【DONGURI×LIG】居酒屋 藤田 ~しっぽりとデザインについて語る会 第4回~ を開催します | 東京上野のWeb制作会社LIG',
  url: 'https://liginc.co.jp/426020',
  postDate: '2018.10.01',
  author: '藤田',
  categories: 'Web制作;お知らせ/募集;イベント情報;デザイン',
  ligLikeCount: '77',
  fbLikeCount: '69',
  tweetCount: '12',
  hatenaBCount: 2 }
1秒待って記事をクリックする
scrapeDetailPage
{ title: '台東区から脱出せよ！「いいオフィス池袋」でリモートワークしてきた | 東京上野のWeb制作会社LIG',
  url: 'https://liginc.co.jp/426915',
  postDate: '2018.09.30',
  author: 'バージニア',
  categories: 'いいオフィス池袋;コワーキング',
  ligLikeCount: '11',
  fbLikeCount: '2',
  tweetCount: '8',
  hatenaBCount: 1 }
1秒待って記事をクリックする
scrapeDetailPage
{ title: 'Whisky STANDのワークショップでわかった、おいしいハイボールの作り方 | 東京上野のWeb制作会社LIG',
  url: 'https://liginc.co.jp/427108',
  postDate: '2018.09.30',
  author: 'トミエ',
  categories: 'Whisky STAND;飲食',
  ligLikeCount: '24',
  fbLikeCount: '14',
  tweetCount: '9',
  hatenaBCount: 1 }
1秒待って記事をクリックする
scrapeDetailPage
{ title: 'ラッパーの晋平太さんとつくったLIGの「社歌ラップ」がTBSラジオで紹介されました！ | 東京上野のWeb制作会社LIG',
  url: 'https://liginc.co.jp/424673',
  postDate: '2018.09.30',
  author: 'マコ',
  categories: 'お知らせ/募集;コンテンツ制作;メディア掲載情報',
  ligLikeCount: '48',
  fbLikeCount: '41',
  tweetCount: '6',
  hatenaBCount: 1 }
1秒待って記事をクリックする
scrapeDetailPage
{ title: '男は皆、イク◯ン……！？お家デートするときに使えるテクニックを学ぼう！#バージニアといっしょ。vol.4 | 東京上野のWeb制作会社LIG',
  url: 'https://liginc.co.jp/426669',
  postDate: '2018.09.30',
  author: 'バージニア',
  categories: 'ライフ;恋愛/結婚',
  ligLikeCount: '7',
  fbLikeCount: '0',
  tweetCount: '6',
  hatenaBCount: 1 }
1秒待って記事をクリックする
scrapeDetailPage
{ title: '【体験談】貯金ゼロの大学生が自費0円で世界一周を成功させた話 | 東京上野のWeb制作会社LIG',
  url: 'https://liginc.co.jp/421065',
  postDate: '2018.09.29',
  author: '岩(ガン)',
  categories: 'コンテンツ制作;ライフ;地方創生;旅行;食',
  ligLikeCount: '18',
  fbLikeCount: '1',
  tweetCount: '14',
  hatenaBCount: 3 }
1秒待って記事をクリックする
scrapeDetailPage
{ title: 'あなたの「モテカワ」が一新される。これが噂の「モテカワ変遷理論」 | 東京上野のWeb制作会社LIG',
  url: 'https://liginc.co.jp/422943',
  postDate: '2018.09.29',
  author: 'バージニア',
  categories: 'ライフ;恋愛/結婚;エッセイ/コラム',
  ligLikeCount: '30',
  fbLikeCount: '19',
  tweetCount: '10',
  hatenaBCount: 1 }
1秒待って記事をクリックする
scrapeDetailPage
{ title: 'ファンレターが容赦ない。「俺のラーメン道」をいまさら振り返ります。 | 東京上野のWeb制作会社LIG',
  url: 'https://liginc.co.jp/425766',
  postDate: '2018.09.29',
  author: 'よすけ',
  categories: 'エンタメ;キャリア;ライフ',
  ligLikeCount: '38',
  fbLikeCount: '33',
  tweetCount: '12',
  hatenaBCount: 1 }
1秒待って記事をクリックする
scrapeDetailPage
{ title: '資料作りが苦手なかた必見！Googleアプリケーションの自作テンプレートを配布します | 東京上野のWeb制作会社LIG',
  url: 'https://liginc.co.jp/417558',
  postDate: '2018.09.29',
  author: 'さささん',
  categories: 'Web制作;ディレクション;Webサービス',
  ligLikeCount: '46',
  fbLikeCount: '21',
  tweetCount: '17',
  hatenaBCount: 9 }
前半記事を読みきったよ！これから後半記事を読みます
1秒待って記事をクリックする
scrapeDetailPage
{ title: 'バックパッカーとして世界を旅した後に考えてみた、世界中の人にLAMPが愛される理由。 | 東京上野のWeb制作会社LIG',
  url: 'https://liginc.co.jp/412162',
  postDate: '2018.09.29',
  author: 'MIKI',
  categories: 'LAMP野尻湖;ゲストハウス;ライフ;旅行',
  ligLikeCount: '11',
  fbLikeCount: '4',
  tweetCount: '6',
  hatenaBCount: 2 }
1秒待って記事をクリックする
scrapeDetailPage
{ title: '入札型という新しい転職サービス「デザイナードラフト」を利用したら、LIGにぴったりのデザイナーが入社しました | 東京上野のWeb制作会社LIG',
  url: 'https://liginc.co.jp/426344',
  postDate: '2018.09.28',
  author: 'あきと',
  categories: '人事戦略;採用情報',
  ligLikeCount: '281',
  fbLikeCount: '486',
  tweetCount: '13',
  hatenaBCount: 5 }
1秒待って記事をクリックする
scrapeDetailPage
{ title: 'クリエイターと企業の架け橋に！デジタルハリウッドが主催するジョブマッチングイベント『STUDIOクリエイターズオーディション』をご紹介します | 東京上野のWeb制作会社LIG',
  url: 'https://liginc.co.jp/421745',
  postDate: '2018.09.28',
  author: '天',
  categories: 'Webクリエイタースクール;教育',
  ligLikeCount: '9',
  fbLikeCount: '0',
  tweetCount: '7',
  hatenaBCount: 2 }
1秒待って記事をクリックする
scrapeDetailPage
{ title: '【１分番組】パペットトーク＃２〜声変わり！？〜',
  url: 'https://liginc.co.jp/425962',
  postDate: '2018.09.28',
  author: 'LIGブログ編集部',
  categories: 'エンタメ;動画',
  ligLikeCount: '7',
  fbLikeCount: '0',
  tweetCount: '6',
  hatenaBCount: 1 }
1秒待って記事をクリックする
scrapeDetailPage
{ title: 'DJ YENは、セールスマンになります。よろしくお願いします。 | 東京上野のWeb制作会社LIG',
  url: 'https://liginc.co.jp/419890',
  postDate: '2018.09.28',
  author: 'YEN',
  categories: 'コンテンツ制作;経営',
  ligLikeCount: '11',
  fbLikeCount: '4',
  tweetCount: '6',
  hatenaBCount: 1 }
1秒待って記事をクリックする
scrapeDetailPage
{ title: 'これから勉強しようと思っている未経験者がWebデザインスクールを選ぶ上で失敗しない方法5選 | 東京上野のWeb制作会社LIG',
  url: 'https://liginc.co.jp/424851',
  postDate: '2018.09.28',
  author: '岡田 ダダ',
  categories: 'Webクリエイタースクール;キャリア;教育',
  ligLikeCount: '12',
  fbLikeCount: '0',
  tweetCount: '9',
  hatenaBCount: 3 }
1秒待って記事をクリックする
scrapeDetailPage
{ title: '「無い」という表記だけはやめてクレメンス……ブログ執筆で間違えやすい日本語を指摘させていただきます。 | 東京上野のWeb制作会社LIG',
  url: 'https://liginc.co.jp/426484',
  postDate: '2018.09.28',
  author: 'ケイ（中野慧）',
  categories: 'コンテンツ制作;ライティング/編集',
  ligLikeCount: '145',
  fbLikeCount: '69',
  tweetCount: '77',
  hatenaBCount: 5 }
1秒待って記事をクリックする
scrapeDetailPage
{ title: '唾液を送るだけ!? DeNAライフサイエンスの「遺伝子検査・マイコード（MYCODE）」で何がわかるのか聞いてきた | 東京上野のWeb制作会社LIG',
  url: 'https://liginc.co.jp/419711',
  postDate: '2018.09.27',
  author: 'まこと',
  categories: 'Webサービス;テクノロジー',
  ligLikeCount: '120',
  fbLikeCount: '126',
  tweetCount: '8',
  hatenaBCount: 4 }
1秒待って記事をクリックする
scrapeDetailPage
{ title: '秋の夜長に☆転職セミナー「Web業界に転職するためにしないといけないこと」を開催します！※10/17(水)20時〜＠STUDIO池袋 | 東京上野のWeb制作会社LIG',
  url: 'https://liginc.co.jp/424257',
  postDate: '2018.09.27',
  author: '白井エリー',
  categories: 'Webクリエイタースクール;教育',
  ligLikeCount: '17',
  fbLikeCount: '7',
  tweetCount: '8',
  hatenaBCount: 2 }
1秒待って記事をクリックする
scrapeDetailPage
{ title: 'Webライティングの依頼の流れとライターに共有すべき8つのポイントを紹介します | 東京上野のWeb制作会社LIG',
  url: 'https://liginc.co.jp/423920',
  postDate: '2018.09.27',
  author: 'ハダタロー',
  categories: 'コンテンツ制作;ライティング/編集',
  ligLikeCount: '17',
  fbLikeCount: '1',
  tweetCount: '12',
  hatenaBCount: 6 }
すべての記事を読みました。
存在する場合、ページに遷移
scrapeListPage
https://liginc.co.jp/blog/page/4
1秒待って記事をクリックする
scrapeDetailPage
{ title: '「鯛茶STAND」が企業向けお弁当・ケータリングサービスを始めました！ | 東京上野のWeb制作会社LIG',
  url: 'https://liginc.co.jp/424454',
  postDate: '2018.09.27',
  author: 'トク',
  categories: '鯛茶STAND;飲食',
  ligLikeCount: '43',
  fbLikeCount: '33',
  tweetCount: '9',
  hatenaBCount: 1 }
1秒待って記事をクリックする
scrapeDetailPage
{ title: '【東京にあるWeb制作会社編】LIGのクリエイターが「いいデザイン！」と思わずうなるWebサイト13選 | 東京上野のWeb制作会社LIG',
  url: 'https://liginc.co.jp/407569',
  postDate: '2018.09.26',
  author: 'きくりん',
  categories: 'Web制作;殿堂入り',
  ligLikeCount: '429',
  fbLikeCount: '326',
  tweetCount: '95',
  hatenaBCount: 19 }
1秒待って記事をクリックする
scrapeDetailPage
{ title: '上野、セブ、広島に続く4ヶ所目！ LIGの新コワーキングスペース「いいオフィス 池袋」がオープンします！ | 東京上野のWeb制作会社LIG',
  url: 'https://liginc.co.jp/410049',
  postDate: '2018.09.26',
  author: 'レンツ',
  categories: 'いいオフィス池袋;コワーキング',
  ligLikeCount: '282',
  fbLikeCount: '296',
  tweetCount: '20',
  hatenaBCount: 2 }
1秒待って記事をクリックする
scrapeDetailPage
{ title: '【絵画解説vol.1《Fire bird》】画家として新たに生まれ変わる。手塚治虫先生の「火の鳥」をイメージして描きました。 | 東京上野のWeb制作会社LIG',
  url: 'https://liginc.co.jp/425466',
  postDate: '2018.09.26',
  author: '田中ラオウ',
  categories: 'アート;エンタメ',
  ligLikeCount: '68',
  fbLikeCount: '59',
  tweetCount: '8',
  hatenaBCount: 1 }
1秒待って記事をクリックする
scrapeDetailPage
{ title: '幅変更でスタイル消失!?「メディアクエリ設定」の落とし穴 | 東京上野のWeb制作会社LIG',
  url: 'https://liginc.co.jp/421566',
  postDate: '2018.09.26',
  author: 'つっちー',
  categories: 'Web制作;フロントエンド',
  ligLikeCount: '91',
  fbLikeCount: '57',
  tweetCount: '29',
  hatenaBCount: 11 }
1秒待って記事をクリックする
scrapeDetailPage
{ title: '無料・低料金で有意義な時間が過ごせる！「大人の社会見学」に最適なスポットを紹介 | 東京上野のWeb制作会社LIG',
  url: 'https://liginc.co.jp/420734',
  postDate: '2018.09.26',
  author: 'やぎ',
  categories: 'いいオフィス上野;コワーキング',
  ligLikeCount: '9',
  fbLikeCount: '0',
  tweetCount: '7',
  hatenaBCount: 2 }
1秒待って記事をクリックする
scrapeDetailPage
{ title: 'プラモデルができない人でも家をつくれる！「Kitchen Usuda」流の移住方法論 | 東京上野のWeb制作会社LIG',
  url: 'https://liginc.co.jp/408431',
  postDate: '2018.09.26',
  author: '清',
  categories: 'LAMP豊後大野;ゲストハウス',
  ligLikeCount: '69',
  fbLikeCount: '178',
  tweetCount: '7',
  hatenaBCount: 2 }
1秒待って記事をクリックする
scrapeDetailPage
{ title: 'コワーキングスペースから働き方を変える！「co-ba hiroshima」はビジネスを加速させる場。 | 東京上野のWeb制作会社LIG',
  url: 'https://liginc.co.jp/422344',
  postDate: '2018.09.25',
  author: 'まさし',
  categories: 'いいオフィス広島;コワーキング;キャリア;働き方',
  ligLikeCount: '23',
  fbLikeCount: '4',
  tweetCount: '16',
  hatenaBCount: 4 }
1秒待って記事をクリックする
scrapeDetailPage
{ title: '「教えてくれないところに僕の疑問がたくさんあった」フリーランスとしてSTUDIOを最大限活用し尽くした佐藤さんのお話 | 東京上野のWeb制作会社LIG',
  url: 'https://liginc.co.jp/413972',
  postDate: '2018.09.25',
  author: '白井エリー',
  categories: 'Webクリエイタースクール;インタビュー;キャリア;働き方;教育;映像',
  ligLikeCount: '59',
  fbLikeCount: '140',
  tweetCount: '10',
  hatenaBCount: 2 }
1秒待って記事をクリックする
scrapeDetailPage
{ title: 'あの「Vue.js」が、悶々としていた新人エンジニア時代の僕を助けてくれたという話 | 東京上野のWeb制作会社LIG',
  url: 'https://liginc.co.jp/418091',
  postDate: '2018.09.25',
  author: 'ライダー',
  categories: 'Web制作;フロントエンド',
  ligLikeCount: '22',
  fbLikeCount: '2',
  tweetCount: '15',
  hatenaBCount: 7 }
前半記事を読みきったよ！これから後半記事を読みます
1秒待って記事をクリックする
scrapeDetailPage
{ title: 'LIG社員が愛してやまない「LAMP宿泊・合宿制度」とは？ | 東京上野のWeb制作会社LIG',
  url: 'https://liginc.co.jp/403140',
  postDate: '2018.09.25',
  author: 'なお',
  categories: 'お知らせ/募集;ニュースリリース;人事戦略;経営',
  ligLikeCount: '9',
  fbLikeCount: '1',
  tweetCount: '6',
  hatenaBCount: 2 }
1秒待って記事をクリックする
scrapeDetailPage
{ title: '行ってみたくなる・試してみたくなる！読み手を「動かす」イケてるWebメディアまとめ | 東京上野のWeb制作会社LIG',
  url: 'https://liginc.co.jp/415725',
  postDate: '2018.09.25',
  author: 'みや',
  categories: 'Web制作;デザイン',
  ligLikeCount: '16',
  fbLikeCount: '0',
  tweetCount: '13',
  hatenaBCount: 6 }
1秒待って記事をクリックする
scrapeDetailPage
{ title: '駆け出しのWebディレクター必見！成長するために見ておくべきイケてるサイト12選 | 東京上野のWeb制作会社LIG',
  url: 'https://liginc.co.jp/409717',
  postDate: '2018.09.24',
  author: 'しゅん',
  categories: 'Web制作;ディレクション',
  ligLikeCount: '102',
  fbLikeCount: '11',
  tweetCount: '41',
  hatenaBCount: 53 }
1秒待って記事をクリックする
scrapeDetailPage
{ title: 'VRヘッドセット「HTC VIVE」を買ったので、気をつけてほしいことをまとめました。 | 東京上野のWeb制作会社LIG',
  url: 'https://liginc.co.jp/411529',
  postDate: '2018.09.24',
  author: 'ありさん',
  categories: 'VR;Web制作;エンタメ;ゲーム;テクノロジー',
  ligLikeCount: '9',
  fbLikeCount: '0',
  tweetCount: '8',
  hatenaBCount: 1 }
1秒待って記事をクリックする
scrapeDetailPage
{ title: '新人マネージャー必見！部下に嫌われないよう、イラっとする気持ちを抑えつつ、いい感じに諭すフレーズ6選 | 東京上野のWeb制作会社LIG',
  url: 'https://liginc.co.jp/419160',
  postDate: '2018.09.24',
  author: 'せいと',
  categories: 'マネジメント;経営',
  ligLikeCount: '14',
  fbLikeCount: '2',
  tweetCount: '12',
  hatenaBCount: 2 }
1秒待って記事をクリックする
scrapeDetailPage
{ title: '私がLIGに戻ったワケと、働いてみて気づいた「いいオフィス」のいいところを紹介します | 東京上野のWeb制作会社LIG',
  url: 'https://liginc.co.jp/419865',
  postDate: '2018.09.23',
  author: 'はるちゃん',
  categories: 'いいオフィス上野;コワーキング',
  ligLikeCount: '119',
  fbLikeCount: '108',
  tweetCount: '9',
  hatenaBCount: 4 }
1秒待って記事をクリックする
scrapeDetailPage
{ title: '続！陶芸家のスタッフが「鯛茶STAND」のために作った器をご紹介します！ | 東京上野のWeb制作会社LIG',
  url: 'https://liginc.co.jp/404559',
  postDate: '2018.09.23',
  author: 'だけこ',
  categories: '飲食;鯛茶STAND',
  ligLikeCount: '8',
  fbLikeCount: '0',
  tweetCount: '7',
  hatenaBCount: 1 }
1秒待って記事をクリックする
scrapeDetailPage
{ title: '男性と飲むときに使えるテクニックを学ぼう！#バージニアといっしょ。vol.3 | 東京上野のWeb制作会社LIG',
  url: 'https://liginc.co.jp/425313',
  postDate: '2018.09.23',
  author: 'バージニア',
  categories: 'ライフ;恋愛/結婚;動画',
  ligLikeCount: '9',
  fbLikeCount: '0',
  tweetCount: '8',
  hatenaBCount: 2 }
1秒待って記事をクリックする
scrapeDetailPage
{ title: '伝説の始まりを目撃せよ。「モテカワ美女のつくりかた」ダイジェスト | 東京上野のWeb制作会社LIG',
  url: 'https://liginc.co.jp/425325',
  postDate: '2018.09.22',
  author: 'バージニア',
  categories: 'ライフ;恋愛/結婚;エッセイ/コラム',
  ligLikeCount: '33',
  fbLikeCount: '22',
  tweetCount: '12',
  hatenaBCount: 0 }
1秒待って記事をクリックする
scrapeDetailPage
{ title: '映画『足りない二人』のWebプロモーション番組に、LIG代表の吉原ゴウが出演しています〜というお知らせ☆ミ | 東京上野のWeb制作会社LIG',
  url: 'https://liginc.co.jp/424194',
  postDate: '2018.09.22',
  author: 'ケイ（中野慧）',
  categories: 'お知らせ/募集;メディア掲載情報',
  ligLikeCount: '20',
  fbLikeCount: '15',
  tweetCount: '7',
  hatenaBCount: 1 }
すべての記事を読みました。
存在する場合、ページに遷移
scrapeListPage
https://liginc.co.jp/blog/page/5
1秒待って記事をクリックする
scrapeDetailPage
{ title: '極めよ、けん玉。天（デジタルハリウッドSTUDIO by LIG運営） #エモーショナル社員紹介 vol.3 | 東京上野のWeb制作会社LIG',
  url: 'https://liginc.co.jp/425119',
  postDate: '2018.09.22',
  author: 'たわ吉',
  categories: 'コンテンツ制作;動画',
  ligLikeCount: '20',
  fbLikeCount: '11',
  tweetCount: '9',
  hatenaBCount: 1 }
1秒待って記事をクリックする
scrapeDetailPage
{ title: '恋愛にどん詰まりなので、電話占いでガチ相談してみた結果…… | 東京上野のWeb制作会社LIG',
  url: 'https://liginc.co.jp/423743',
  postDate: '2018.09.21',
  author: 'ちゃんれみ',
  categories: 'ライフ;恋愛/結婚',
  ligLikeCount: '163',
  fbLikeCount: '164',
  tweetCount: '20',
  hatenaBCount: 4 }
1秒待って記事をクリックする
scrapeDetailPage
{ title: 'LIGのお盆休みはどこへ？実は2018年度から新休暇制度を取り入れていました！ | 東京上野のWeb制作会社LIG',
  url: 'https://liginc.co.jp/420000',
  postDate: '2018.09.21',
  author: 'らら',
  categories: 'お知らせ/募集;キャリア;働き方',
  ligLikeCount: '10',
  fbLikeCount: '3',
  tweetCount: '7',
  hatenaBCount: 1 }
1秒待って記事をクリックする
scrapeDetailPage
{ title: '「ウォーターフォールモデル」「アジャイル開発」って何？二大開発手法のメリット・デメリットをまとめました | 東京上野のWeb制作会社LIG',
  url: 'https://liginc.co.jp/412896',
  postDate: '2018.09.21',
  author: 'ともぞう',
  categories: 'Web制作;ディレクション',
  ligLikeCount: '58',
  fbLikeCount: '43',
  tweetCount: '13',
  hatenaBCount: 4 }
1秒待って記事をクリックする
scrapeDetailPage
{ title: '花ちゃんは見た！長野で働く先輩デザイナーの秘密 | 東京上野のWeb制作会社LIG',
  url: 'https://liginc.co.jp/423144',
  postDate: '2018.09.21',
  author: '花ちゃん',
  categories: 'Web制作;いいオフィス野尻湖;コワーキング;デザイン;地方創生',
  ligLikeCount: '143',
  fbLikeCount: '127',
  tweetCount: '17',
  hatenaBCount: 2 }
1秒待って記事をクリックする
scrapeDetailPage
{ title: 'プロジェクト管理ツールが苦手なあなたへ「Torio」ならタスクや資料も楽々一括管理！ | 東京上野のWeb制作会社LIG',
  url: 'https://liginc.co.jp/422681',
  postDate: '2018.09.20',
  author: '岩(ガン)',
  categories: 'Webサービス',
  ligLikeCount: '198',
  fbLikeCount: '249',
  tweetCount: '14',
  hatenaBCount: 5 }
1秒待って記事をクリックする
scrapeDetailPage
{ title: 'タバコはもう古い？モテツール「DR.VAPE」を使ったモテテクを5つご紹介！ | 東京上野のWeb制作会社LIG',
  url: 'https://liginc.co.jp/419407',
  postDate: '2018.09.20',
  author: '栄藤 八',
  categories: 'ライフ;恋愛/結婚',
  ligLikeCount: '13',
  fbLikeCount: '4',
  tweetCount: '8',
  hatenaBCount: 2 }
1秒待って記事をクリックする
scrapeDetailPage
{ title: '累計253万DL突破のヒットメーカーに学ぶ「LINEスタンプ講座」を開催します！※10/9(火)20時〜＠STUDIO池袋 by LIG | 東京上野のWeb制作会社LIG',
  url: 'https://liginc.co.jp/421603',
  postDate: '2018.09.20',
  author: '天',
  categories: 'Webクリエイタースクール;教育',
  ligLikeCount: '24',
  fbLikeCount: '0',
  tweetCount: '39',
  hatenaBCount: 3 }
1秒待って記事をクリックする
scrapeDetailPage
{ title: '【出張鯛茶STAND】東京・神田のサイクルフィットネスバー『CYCLE:HOLIC』に行ってきました！ | 東京上野のWeb制作会社LIG',
  url: 'https://liginc.co.jp/421258',
  postDate: '2018.09.20',
  author: 'トク',
  categories: '飲食;鯛茶STAND',
  ligLikeCount: '89',
  fbLikeCount: '83',
  tweetCount: '12',
  hatenaBCount: 2 }
1秒待って記事をクリックする
scrapeDetailPage
{ title: 'アート事業部設立！？LIG所属の画家・田中ラオウのアトリエに潜入してきた | 東京上野のWeb制作会社LIG',
  url: 'https://liginc.co.jp/422664',
  postDate: '2018.09.20',
  author: '野田クラクションべべー',
  categories: '動画',
  ligLikeCount: '9',
  fbLikeCount: '1',
  tweetCount: '6',
  hatenaBCount: 2 }
前半記事を読みきったよ！これから後半記事を読みます
1秒待って記事をクリックする
scrapeDetailPage
{ title: 'はじめての社用車利用が心配で心配で……。見守りたくて仕方がなかった結果 | 東京上野のWeb制作会社LIG',
  url: 'https://liginc.co.jp/422717',
  postDate: '2018.09.19',
  author: '齊藤ジョニー',
  categories: 'Webサービス',
  ligLikeCount: '126',
  fbLikeCount: '186',
  tweetCount: '13',
  hatenaBCount: 1 }
1秒待って記事をクリックする
scrapeDetailPage
{ title: 'え？「いいオフィス」を利用したことがない？ぜひ来て東上野のオシャレワークスペース！ | 東京上野のWeb制作会社LIG',
  url: 'https://liginc.co.jp/420022',
  postDate: '2018.09.19',
  author: 'まりな',
  categories: 'いいオフィス上野;コワーキング',
  ligLikeCount: '12',
  fbLikeCount: '3',
  tweetCount: '8',
  hatenaBCount: 1 }
1秒待って記事をクリックする
scrapeDetailPage
{ title: '営業できないデザイナーが自分でLP売り込むために恋愛シュミレーションゲームをつくってみた☆ | 東京上野のWeb制作会社LIG',
  url: 'https://liginc.co.jp/421830',
  postDate: '2018.09.19',
  author: 'ありさん',
  categories: 'Web制作;お知らせ/募集;デザイン;恋愛/結婚',
  ligLikeCount: '148',
  fbLikeCount: '93',
  tweetCount: '52',
  hatenaBCount: 6 }
1秒待って記事をクリックする
scrapeDetailPage
{ title: '離島で“あそぶ”ようにはたらく。なぜ、今、壱岐に人が集まるのか？9/29(土)いいオフィス上野で「壱岐島」の魅力を知るイベントを開催します！ | 東京上野のWeb制作会社LIG',
  url: 'https://liginc.co.jp/423313',
  postDate: '2018.09.19',
  author: 'バージニア',
  categories: 'いいオフィス上野;LAMP壱岐;ゲストハウス;コワーキング;お知らせ/募集;イベント情報',
  ligLikeCount: '36',
  fbLikeCount: '81',
  tweetCount: '13',
  hatenaBCount: 1 }
1秒待って記事をクリックする
scrapeDetailPage
{ title: '東京にいても自分の故郷と繋がりを持てる！長浜市のこれからを考えるイベントに参加してきた | 東京上野のWeb制作会社LIG',
  url: 'https://liginc.co.jp/421288',
  postDate: '2018.09.18',
  author: '鈴木 しの',
  categories: 'ライフ;旅行;暮らし',
  ligLikeCount: '142',
  fbLikeCount: '187',
  tweetCount: '17',
  hatenaBCount: 2 }
1秒待って記事をクリックする
scrapeDetailPage
{ title: '壁画制作やライブペイントも！株式会社LIGは「アート事業」を始めることになりました。 | 東京上野のWeb制作会社LIG',
  url: 'https://liginc.co.jp/422193',
  postDate: '2018.09.18',
  author: '田中ラオウ',
  categories: 'お知らせ/募集;アート;ニュースリリース',
  ligLikeCount: '155',
  fbLikeCount: '137',
  tweetCount: '18',
  hatenaBCount: 2 }
1秒待って記事をクリックする
scrapeDetailPage
{ title: '未経験から編集者になるには？どんなルートがあるのか考えてみました | 東京上野のWeb制作会社LIG',
  url: 'https://liginc.co.jp/413398',
  postDate: '2018.09.18',
  author: 'やぎ',
  categories: 'お知らせ/募集;コンテンツ制作;ライティング/編集;採用情報',
  ligLikeCount: '64',
  fbLikeCount: '53',
  tweetCount: '13',
  hatenaBCount: 2 }
1秒待って記事をクリックする
scrapeDetailPage
{ title: 'SVGやclip-pathは必要なし！平行四辺形のクリッピングマスクをかけてアニメーションさせてみよう | 東京上野のWeb制作会社LIG',
  url: 'https://liginc.co.jp/420539',
  postDate: '2018.09.17',
  author: 'はっちゃん',
  categories: 'Web制作;フロントエンド',
  ligLikeCount: '17',
  fbLikeCount: '3',
  tweetCount: '11',
  hatenaBCount: 4 }
1秒待って記事をクリックする
scrapeDetailPage
{ title: 'ホームページの公開作業を甘くみてはいけない。公開前後にやるべき12のこと | 東京上野のWeb制作会社LIG',
  url: 'https://liginc.co.jp/409762',
  postDate: '2018.09.17',
  author: 'さささん',
  categories: 'Web制作;ディレクション',
  ligLikeCount: '140',
  fbLikeCount: '86',
  tweetCount: '40',
  hatenaBCount: 17 }
1秒待って記事をクリックする
scrapeDetailPage
{ title: 'Nikon好き必見。待望のフルサイズミラーレス機ではなくD850を購入した理由。 | 東京上野のWeb制作会社LIG',
  url: 'https://liginc.co.jp/421344',
  postDate: '2018.09.16',
  author: 'たわ吉',
  categories: 'カメラ/撮影;コンテンツ制作;殿堂入り',
  ligLikeCount: '27',
  fbLikeCount: '10',
  tweetCount: '16',
  hatenaBCount: 1 }
すべての記事を読みました。
存在する場合、ページに遷移
scrapeListPage
https://liginc.co.jp/blog/page/6
1秒待って記事をクリックする
scrapeDetailPage
{ title: 'デートで使えるテクニックを学ぼう！ #バージニアといっしょ。vol.2 | 東京上野のWeb制作会社LIG',
  url: 'https://liginc.co.jp/424030',
  postDate: '2018.09.16',
  author: 'バージニア',
  categories: 'ライフ;恋愛/結婚;動画',
  ligLikeCount: '9',
  fbLikeCount: '0',
  tweetCount: '10',
  hatenaBCount: 1 }
1秒待って記事をクリックする
scrapeDetailPage
{ title: 'シャイニングマンデー騒動に見る、日本社会の「休暇」に対する勘違い | 東京上野のWeb制作会社LIG',
  url: 'https://liginc.co.jp/420450',
  postDate: '2018.09.15',
  author: 'はっしー',
  categories: 'キャリア;働き方',
  ligLikeCount: '32',
  fbLikeCount: '6',
  tweetCount: '25',
  hatenaBCount: 4 }
1秒待って記事をクリックする
scrapeDetailPage
{ title: 'サウナを愛し愛される男。野田クラクションべべー（旅人）＃エモーショナル社員紹介 vol.2 | 東京上野のWeb制作会社LIG',
  url: 'https://liginc.co.jp/421886',
  postDate: '2018.09.15',
  author: 'たわ吉',
  categories: 'コンテンツ制作;動画',
  ligLikeCount: '7',
  fbLikeCount: '0',
  tweetCount: '6',
  hatenaBCount: 1 }
1秒待って記事をクリックする
scrapeDetailPage
{ title: 'ls 〜何処かで失くしたあいつのアイツ〜 | 東京上野のWeb制作会社LIG',
  url: 'https://liginc.co.jp/420936',
  postDate: '2018.09.14',
  author: 'TK',
  categories: 'Web制作;バックエンド',
  ligLikeCount: '28',
  fbLikeCount: '15',
  tweetCount: '11',
  hatenaBCount: 2 }
1秒待って記事をクリックする
scrapeDetailPage
{ title: '「Gmailにフォルダはないの？」そんなあなたにGmail特有の便利機能をご紹介します。 | 東京上野のWeb制作会社LIG',
  url: 'https://liginc.co.jp/400003',
  postDate: '2018.09.14',
  author: 'エリカ',
  categories: 'Web制作',
  ligLikeCount: '25',
  fbLikeCount: '3',
  tweetCount: '17',
  hatenaBCount: 5 }
1秒待って記事をクリックする
scrapeDetailPage
{ title: 'オフィス移転のお知らせ〜そして、新御徒町へ〜 | 東京上野のWeb制作会社LIG',
  url: 'https://liginc.co.jp/421700',
  postDate: '2018.09.13',
  author: 'づや',
  categories: 'お知らせ/募集;ニュースリリース;殿堂入り',
  ligLikeCount: '223',
  fbLikeCount: '205',
  tweetCount: '29',
  hatenaBCount: 3 }
1秒待って記事をクリックする
scrapeDetailPage
{ title: '学びの秋ということで、LIGブログの編集者が「ライティング講座」を開催します！※10/2(火)20時〜＠いいオフィス上野 | 東京上野のWeb制作会社LIG',
  url: 'https://liginc.co.jp/421574',
  postDate: '2018.09.13',
  author: '天',
  categories: 'Webクリエイタースクール;ライティング/編集;教育',
  ligLikeCount: '16',
  fbLikeCount: '2',
  tweetCount: '15',
  hatenaBCount: 1 }
1秒待って記事をクリックする
scrapeDetailPage
{ title: 'ちょっとしたデータまとめにも便利！ Googleスプレッドシートで「GAS（Google Apps Script）」をつかってみよう | 東京上野のWeb制作会社LIG',
  url: 'https://liginc.co.jp/418649',
  postDate: '2018.09.13',
  author: 'ハル',
  categories: 'Web制作;フロントエンド',
  ligLikeCount: '27',
  fbLikeCount: '2',
  tweetCount: '18',
  hatenaBCount: 7 }
1秒待って記事をクリックする
scrapeDetailPage
{ title: '【１分番組】パペットトーク＃１〜平成最後の夏〜 | 東京上野のWeb制作会社LIG',
  url: 'https://liginc.co.jp/422967',
  postDate: '2018.09.13',
  author: 'もりすけ',
  categories: 'エンタメ;動画',
  ligLikeCount: '5',
  fbLikeCount: '0',
  tweetCount: '4',
  hatenaBCount: 1 }
1秒待って記事をクリックする
scrapeDetailPage
{ title: 'マッチングアプリみたいにスワイプするだけ！忙しくてもスキマ時間に転職活動できるアプリ「GLIT」を使ってみた | 東京上野のWeb制作会社LIG',
  url: 'https://liginc.co.jp/420360',
  postDate: '2018.09.12',
  author: 'どいつ',
  categories: 'AI;Webサービス;キャリア;テクノロジー;働き方',
  ligLikeCount: '306',
  fbLikeCount: '385',
  tweetCount: '54',
  hatenaBCount: 7 }
前半記事を読みきったよ！これから後半記事を読みます
1秒待って記事をクリックする
scrapeDetailPage
{ title: 'LIGを産んでくれて、ありがとう。 | 東京上野のWeb制作会社LIG',
  url: 'https://liginc.co.jp/421919',
  postDate: '2018.09.12',
  author: '野田クラクションべべー',
  categories: '動画',
  ligLikeCount: '7',
  fbLikeCount: '1',
  tweetCount: '5',
  hatenaBCount: 1 }
1秒待って記事をクリックする
scrapeDetailPage
{ title: 'Webマーケティング担当者は必見！ABテストの正しい設計方法を解説します | 東京上野のWeb制作会社LIG',
  url: 'https://liginc.co.jp/409613',
  postDate: '2018.09.12',
  author: 'RISH',
  categories: '経営;マーケティング;ビジネススキル',
  ligLikeCount: '29',
  fbLikeCount: '4',
  tweetCount: '18',
  hatenaBCount: 8 }
1秒待って記事をクリックする
scrapeDetailPage
{ title: '転職して5ヶ月。LIGでマーケティングを担当するおもしろさを10個話します。 | 東京上野のWeb制作会社LIG',
  url: 'https://liginc.co.jp/421980',
  postDate: '2018.09.12',
  author: 'まこりーぬ',
  categories: 'マーケティング;経営',
  ligLikeCount: '24',
  fbLikeCount: '4',
  tweetCount: '15',
  hatenaBCount: 5 }
1秒待って記事をクリックする
scrapeDetailPage
{ title: '「いいオフィス広島」の会員さんの1日を覗いてみた。 | 東京上野のWeb制作会社LIG',
  url: 'https://liginc.co.jp/397577',
  postDate: '2018.09.11',
  author: 'アガノトモ',
  categories: 'いいオフィス広島;コワーキング',
  ligLikeCount: '36',
  fbLikeCount: '28',
  tweetCount: '9',
  hatenaBCount: 0 }
1秒待って記事をクリックする
scrapeDetailPage
{ title: 'CANVASでドキドキする「アルファマスクアニメーション」を作ろう！ | 東京上野のWeb制作会社LIG',
  url: 'https://liginc.co.jp/419218',
  postDate: '2018.09.11',
  author: 'しんどうドリル',
  categories: 'Web制作;フロントエンド',
  ligLikeCount: '14',
  fbLikeCount: '5',
  tweetCount: '7',
  hatenaBCount: 3 }
1秒待って記事をクリックする
scrapeDetailPage
{ title: '【2018年版】東京のおすすめWebプログラミングスクール5選 | 東京上野のWeb制作会社LIG',
  url: 'https://liginc.co.jp/409774',
  postDate: '2018.09.11',
  author: 'タッキー',
  categories: 'Webクリエイタースクール;教育',
  ligLikeCount: '8',
  fbLikeCount: '0',
  tweetCount: '7',
  hatenaBCount: 1 }
1秒待って記事をクリックする
scrapeDetailPage
{ title: '大好評！ハッシュタグキャンペーン「#LAMPCUP2018」“夏の部”の結果を発表します！ | 東京上野のWeb制作会社LIG',
  url: 'https://liginc.co.jp/421058',
  postDate: '2018.09.10',
  author: 'さき',
  categories: 'LAMP壱岐;LAMP豊後大野;LAMP野尻湖;ゲストハウス',
  ligLikeCount: '49',
  fbLikeCount: '43',
  tweetCount: '6',
  hatenaBCount: 1 }
1秒待って記事をクリックする
scrapeDetailPage
{ title: 'Webクリエイターにおすすめ！ジェニってるInstagramアカウント12選 | 東京上野のWeb制作会社LIG',
  url: 'https://liginc.co.jp/411527',
  postDate: '2018.09.10',
  author: '北川パーヤン',
  categories: 'Web制作;デザイン;ディレクション',
  ligLikeCount: '20',
  fbLikeCount: '5',
  tweetCount: '11',
  hatenaBCount: 5 }
1秒待って記事をクリックする
scrapeDetailPage
{ title: '全国を旅しながら会社説明会をして、改めて会社について考えてみた | 東京上野のWeb制作会社LIG',
  url: 'https://liginc.co.jp/418267',
  postDate: '2018.09.10',
  author: 'あきと',
  categories: '採用情報;人事戦略;働き方',
  ligLikeCount: '46',
  fbLikeCount: '32',
  tweetCount: '13',
  hatenaBCount: 1 }
1秒待って記事をクリックする
scrapeDetailPage
{ title: 'iPhoneとOsmo Mobileを使って、旅の想い出をおしゃれなMV風の動画にしてみた | 東京上野のWeb制作会社LIG',
  url: 'https://liginc.co.jp/415036',
  postDate: '2018.09.09',
  author: '野田クラクションべべー',
  categories: 'Webクリエイタースクール;教育',
  ligLikeCount: '27',
  fbLikeCount: '19',
  tweetCount: '7',
  hatenaBCount: 2 }
すべての記事を読みました。
存在する場合、ページに遷移
scrapeListPage
https://liginc.co.jp/blog/page/7
1秒待って記事をクリックする
scrapeDetailPage
{ title: '同棲の作法を身につけよう！【バージニアといっしょ。Vol.1】 | 東京上野のWeb制作会社LIG',
  url: 'https://liginc.co.jp/421791',
  postDate: '2018.09.09',
  author: 'バージニア',
  categories: 'ライフ;恋愛/結婚;動画',
  ligLikeCount: '8',
  fbLikeCount: '1',
  tweetCount: '6',
  hatenaBCount: 1 }
1秒待って記事をクリックする
scrapeDetailPage
{ title: '真のモテカワを目指す、佐々木バージニア（ライター）#エモーショナル社員紹介 vol.1 | 東京上野のWeb制作会社LIG',
  url: 'https://liginc.co.jp/420473',
  postDate: '2018.09.08',
  author: 'たわ吉',
  categories: 'コンテンツ制作;動画',
  ligLikeCount: '6',
  fbLikeCount: '1',
  tweetCount: '4',
  hatenaBCount: 1 }
1秒待って記事をクリックする
scrapeDetailPage
{ title: 'ヘルシンキの「クルットゥーリ・サウナ」は、環境負荷軽減とコミュニティ形成を見据えた「文化的サウナ」だった。 ​ | 東京上野のWeb制作会社LIG',
  url: 'https://liginc.co.jp/416252',
  postDate: '2018.09.08',
  author: '野田クラクションべべー',
  categories: 'ライフ;旅行;暮らし',
  ligLikeCount: '33',
  fbLikeCount: '18',
  tweetCount: '13',
  hatenaBCount: 2 }
1秒待って記事をクリックする
scrapeDetailPage
{ title: '【9/25(火)〜9/27(木)@上野LIG本社】依頼方法がわからないあなたへ。Webサイト制作無料相談会を開催します！ | 東京上野のWeb制作会社LIG',
  url: 'https://liginc.co.jp/420188',
  postDate: '2018.09.07',
  author: 'しゅん',
  categories: 'Web制作;ディレクション;お知らせ/募集;イベント情報',
  ligLikeCount: '20',
  fbLikeCount: '417',
  tweetCount: '25',
  hatenaBCount: 1 }
1秒待って記事をクリックする
scrapeDetailPage
{ title: 'フロントエンドのビルドも『Laravel』におまかせ！スゴ腕API「Laravel mix」を使いこなそう | 東京上野のWeb制作会社LIG',
  url: 'https://liginc.co.jp/418449',
  postDate: '2018.09.07',
  author: 'エリカ',
  categories: 'Web制作;バックエンド',
  ligLikeCount: '24',
  fbLikeCount: '7',
  tweetCount: '16',
  hatenaBCount: 8 }
1秒待って記事をクリックする
scrapeDetailPage
{ title: '「スマートドール」で配色に気をつけながらコーディネートを考える【ファッションの秋】 | 東京上野のWeb制作会社LIG',
  url: 'https://liginc.co.jp/419658',
  postDate: '2018.09.07',
  author: 'もーりー',
  categories: 'Web制作;デザイン',
  ligLikeCount: '78',
  fbLikeCount: '2',
  tweetCount: '75',
  hatenaBCount: 2 }
1秒待って記事をクリックする
scrapeDetailPage
{ title: 'こんなのあったんだ！ 意外と知らないHTMLの要素をご紹介します | 東京上野のWeb制作会社LIG',
  url: 'https://liginc.co.jp/413655',
  postDate: '2018.09.06',
  author: 'ライダー',
  categories: 'Web制作;フロントエンド',
  ligLikeCount: '28',
  fbLikeCount: '3',
  tweetCount: '21',
  hatenaBCount: 6 }
1秒待って記事をクリックする
scrapeDetailPage
{ title: '人生って何が起こるかわからない。この私がこの歳で島に移住して女将になるなんて……。 | 東京上野のWeb制作会社LIG',
  url: 'https://liginc.co.jp/403495',
  postDate: '2018.09.06',
  author: 'のんさん',
  categories: 'LAMP壱岐;ゲストハウス',
  ligLikeCount: '331',
  fbLikeCount: '323',
  tweetCount: '17',
  hatenaBCount: 2 }
1秒待って記事をクリックする
scrapeDetailPage
{ title: '3種のウイスキーと10種の食材を使って絶品ハイボールを作ってみよう！ | 東京上野のWeb制作会社LIG',
  url: 'https://liginc.co.jp/420492',
  postDate: '2018.09.06',
  author: 'トミエ',
  categories: 'Whisky STAND;お知らせ/募集;ニュースリリース;飲食',
  ligLikeCount: '13',
  fbLikeCount: '3',
  tweetCount: '9',
  hatenaBCount: 1 }
1秒待って記事をクリックする
scrapeDetailPage
{ title: '俺たちの夏休みはこれからだ！と思ったけどまだ上野で消耗してるので、セブ島に行ったときの話を書きます（歴史と経済編） | 東京上野のWeb制作会社LIG',
  url: 'https://liginc.co.jp/417014',
  postDate: '2018.09.06',
  author: 'ケイ（中野慧）',
  categories: 'いいオフィスセブ;コンテンツ制作;ライティング/編集;コワーキング',
  ligLikeCount: '48',
  fbLikeCount: '35',
  tweetCount: '12',
  hatenaBCount: 3 }
前半記事を読みきったよ！これから後半記事を読みます
1秒待って記事をクリックする
scrapeDetailPage
{ title: 'キャッシュフローも改善？ バックオフィスの請求業務を効率化できる自動化決済サービス「MF KESSAI」がすごかった | 東京上野のWeb制作会社LIG',
  url: 'https://liginc.co.jp/413246',
  postDate: '2018.09.05',
  author: 'いなみ',
  categories: '経営',
  ligLikeCount: '127',
  fbLikeCount: '401',
  tweetCount: '7',
  hatenaBCount: 1 }
1秒待って記事をクリックする
scrapeDetailPage
{ title: '2018年は「VR元年」から3年目なので、VRの良いところと悪いところを伝えたい。 | 東京上野のWeb制作会社LIG',
  url: 'https://liginc.co.jp/406780',
  postDate: '2018.09.05',
  author: 'ともぞう',
  categories: 'Web制作;テクノロジー;VR',
  ligLikeCount: '8',
  fbLikeCount: '1',
  tweetCount: '6',
  hatenaBCount: 2 }
1秒待って記事をクリックする
scrapeDetailPage
{ title: 'スポーツがWeb上でもアツイ！イケてるデザインのサイトまとめ☆ | 東京上野のWeb制作会社LIG',
  url: 'https://liginc.co.jp/414769',
  postDate: '2018.09.05',
  author: 'ヴィクトリア',
  categories: 'Web制作;デザイン',
  ligLikeCount: '15',
  fbLikeCount: '2',
  tweetCount: '12',
  hatenaBCount: 3 }
1秒待って記事をクリックする
scrapeDetailPage
{ title: 'まるでアメリカのガレージライフ？ べべと岩の住んでいるLIGガレージ(社宅)を紹介します | 東京上野のWeb制作会社LIG',
  url: 'https://liginc.co.jp/421543',
  postDate: '2018.09.05',
  author: '野田クラクションべべー',
  categories: '動画',
  ligLikeCount: '5',
  fbLikeCount: '0',
  tweetCount: '4',
  hatenaBCount: 1 }
1秒待って記事をクリックする
scrapeDetailPage
{ title: '夢を諦めかけていたSE（34歳）がタイムリープして憧れのRubyエンジニアを目指したら | 東京上野のWeb制作会社LIG',
  url: 'https://liginc.co.jp/417883',
  postDate: '2018.09.04',
  author: 'TK',
  categories: 'Webクリエイタースクール;アニメ/漫画;エンタメ;教育;殿堂入り',
  ligLikeCount: '222',
  fbLikeCount: '310',
  tweetCount: '43',
  hatenaBCount: 9 }
1秒待って記事をクリックする
scrapeDetailPage
{ title: 'NPMパッケージを探る！フロントエンドの大冒険 〜chalk編〜 | 東京上野のWeb制作会社LIG',
  url: 'https://liginc.co.jp/417653',
  postDate: '2018.09.04',
  author: 'ザワ',
  categories: 'Web制作;フロントエンド',
  ligLikeCount: '8',
  fbLikeCount: '2',
  tweetCount: '6',
  hatenaBCount: 2 }
1秒待って記事をクリックする
scrapeDetailPage
{ title: '9/25(火)20時〜＠池袋「デザイン基礎講座」を開催します！ | 東京上野のWeb制作会社LIG',
  url: 'https://liginc.co.jp/419072',
  postDate: '2018.09.04',
  author: '天',
  categories: 'Webクリエイタースクール;教育',
  ligLikeCount: '5',
  fbLikeCount: '0',
  tweetCount: '5',
  hatenaBCount: 0 }
1秒待って記事をクリックする
scrapeDetailPage
{ title: 'これからWebサイト制作をお考えの方へ。「Webサイトは魔法の道具じゃない」ということを伝えたい | 東京上野のWeb制作会社LIG',
  url: 'https://liginc.co.jp/412647',
  postDate: '2018.09.03',
  author: 'ちゃんれみ',
  categories: 'Web制作;ディレクション',
  ligLikeCount: '39',
  fbLikeCount: '8',
  tweetCount: '31',
  hatenaBCount: 3 }
1秒待って記事をクリックする
scrapeDetailPage
{ title: 'ついにGoogleスプレッドシートでセルの追加や削除ができるようになりました。うれしい。 | 東京上野のWeb制作会社LIG',
  url: 'https://liginc.co.jp/418590',
  postDate: '2018.09.03',
  author: 'ゆりえ',
  categories: '経営;ビジネススキル',
  ligLikeCount: '38',
  fbLikeCount: '28',
  tweetCount: '17',
  hatenaBCount: 2 }
1秒待って記事をクリックする
scrapeDetailPage
{ title: '撮影スタジオの手配ってどうやるの？手配の仕方と選ぶポイントを教えます！ | 東京上野のWeb制作会社LIG',
  url: 'https://liginc.co.jp/408966',
  postDate: '2018.09.03',
  author: 'やぎ',
  categories: 'いいオフィス上野;カメラ/撮影;コンテンツ制作',
  ligLikeCount: '12',
  fbLikeCount: '2',
  tweetCount: '9',
  hatenaBCount: 1 }
すべての記事を読みました。
存在する場合、ページに遷移
scrapeListPage
https://liginc.co.jp/blog/page/8
1秒待って記事をクリックする
scrapeDetailPage
{ title: 'ゴッドマザーの朝ごはん「クランペット」のレシピを紹介します～LAMP野尻湖より愛を込めて～ | 東京上野のWeb制作会社LIG',
  url: 'https://liginc.co.jp/400424',
  postDate: '2018.09.02',
  author: 'ゴッドマザーゆみ',
  categories: 'LAMP野尻湖;ゲストハウス',
  ligLikeCount: '17',
  fbLikeCount: '9',
  tweetCount: '7',
  hatenaBCount: 1 }
1秒待って記事をクリックする
scrapeDetailPage
{ title: 'ゴッドマザーの朝ごはん「クランペット」のレシピを紹介します～LAMP野尻湖より愛を込めて～ | 東京上野のWeb制作会社LIG',
  url: 'https://liginc.co.jp/400424',
  postDate: '2018.09.02',
  author: 'ゴッドマザーゆみ',
  categories: 'LAMP野尻湖;ゲストハウス',
  ligLikeCount: '11',
  fbLikeCount: '9',
  tweetCount: '7',
  hatenaBCount: 1 }
1秒待って記事をクリックする
scrapeDetailPage
{ title: 'お父さんは薪を焚べ、お母さんは洗濯と料理。サウナの原点「スモークサウナ」に感じたフィンランドの原風景。 | 東京上野のWeb制作会社LIG',
  url: 'https://liginc.co.jp/416050',
  postDate: '2018.09.01',
  author: '野田クラクションべべー',
  categories: 'ライフ;旅行;暮らし',
  ligLikeCount: '32',
  fbLikeCount: '20',
  tweetCount: '12',
  hatenaBCount: 0 }
1秒待って記事をクリックする
scrapeDetailPage
{ title: '【9/22(土)13時〜】転職セミナー「Web業界に転職するためにしないといけないこと」（＠上野LIGオフィス）を開催します！ | 東京上野のWeb制作会社LIG',
  url: 'https://liginc.co.jp/418310',
  postDate: '2018.08.31',
  author: '白井エリー',
  categories: 'Webクリエイタースクール;教育',
  ligLikeCount: '24',
  fbLikeCount: '105',
  tweetCount: '10',
  hatenaBCount: 1 }
1秒待って記事をクリックする
scrapeDetailPage
{ title: 'Whisky STANDのオープニングイベントでブラインドテイスティングを体験！ | 東京上野のWeb制作会社LIG',
  url: 'https://liginc.co.jp/418965',
  postDate: '2018.08.31',
  author: 'トミエ',
  categories: 'Whisky STAND;飲食',
  ligLikeCount: '12',
  fbLikeCount: '2',
  tweetCount: '9',
  hatenaBCount: 1 }
1秒待って記事をクリックする
scrapeDetailPage
{ title: '1.0系が出てけっこう経ったけど「Flask」でログイン機能をつけるまでの手順を紹介します | 東京上野のWeb制作会社LIG',
  url: 'https://liginc.co.jp/415333',
  postDate: '2018.08.31',
  author: 'まさくに',
  categories: 'Web制作;バックエンド',
  ligLikeCount: '12',
  fbLikeCount: '0',
  tweetCount: '8',
  hatenaBCount: 4 }
1秒待って記事をクリックする
scrapeDetailPage
{ title: '残暑お見舞い申し上げます。夏の思い出を花火にして打ち上げる自主サイトをつくりました。 | 東京上野のWeb制作会社LIG',
  url: 'https://liginc.co.jp/419493',
  postDate: '2018.08.31',
  author: '北川パーヤン',
  categories: 'Web制作;ディレクション;お知らせ/募集',
  ligLikeCount: '89',
  fbLikeCount: '66',
  tweetCount: '21',
  hatenaBCount: 2 }
1秒待って記事をクリックする
scrapeDetailPage
{ title: 'コールトラッキングとは？電話問い合わせを徹底分析して売上が3.5倍に！ | 東京上野のWeb制作会社LIG',
  url: 'https://liginc.co.jp/416758',
  postDate: '2018.08.30',
  author: 'まりな',
  categories: 'マーケティング;経営',
  ligLikeCount: '299',
  fbLikeCount: '392',
  tweetCount: '11',
  hatenaBCount: 3 }
1秒待って記事をクリックする
scrapeDetailPage
{ title: 'AI社員が仕事を奪う!?人手不足解決の救世主「AIさくらさん」爆誕！ | 東京上野のWeb制作会社LIG',
  url: 'https://liginc.co.jp/417072',
  postDate: '2018.08.30',
  author: 'バンビ',
  categories: 'AI;テクノロジー;殿堂入り',
  ligLikeCount: '439',
  fbLikeCount: '596',
  tweetCount: '29',
  hatenaBCount: 3 }
1秒待って記事をクリックする
scrapeDetailPage
{ title: 'フィリピン・セブ島で1週間の英語留学をしてきました。 | 東京上野のWeb制作会社LIG',
  url: 'https://liginc.co.jp/401137',
  postDate: '2018.08.30',
  author: 'タッキー',
  categories: '教育;英会話スクール',
  ligLikeCount: '7',
  fbLikeCount: '1',
  tweetCount: '5',
  hatenaBCount: 1 }
前半記事を読みきったよ！これから後半記事を読みます
1秒待って記事をクリックする
scrapeDetailPage
{ title: '九州の山奥のゲストハウスで、1 日限りの高級和食ランチイベント「料亭・のり巻」を開催しました。 | 東京上野のWeb制作会社LIG',
  url: 'https://liginc.co.jp/416700',
  postDate: '2018.08.30',
  author: 'のり巻',
  categories: 'LAMP豊後大野;ゲストハウス',
  ligLikeCount: '62',
  fbLikeCount: '90',
  tweetCount: '8',
  hatenaBCount: 1 }
1秒待って記事をクリックする
scrapeDetailPage
{ title: 'オウンドメディアってそもそも何なの？LIGブログを例に事例・メリット・立ち上げ方法をお話しします。 | 東京上野のWeb制作会社LIG',
  url: 'https://liginc.co.jp/417217',
  postDate: '2018.08.30',
  author: 'まこりーぬ',
  categories: 'コンテンツ制作;マーケティング;ライティング/編集;経営',
  ligLikeCount: '42',
  fbLikeCount: '12',
  tweetCount: '27',
  hatenaBCount: 7 }
1秒待って記事をクリックする
scrapeDetailPage
{ title: 'フィンランドのサウナは湖や海に飛び込むのが当たり前！？ 自然のエネルギーを身体に注入してきました | 東京上野のWeb制作会社LIG',
  url: 'https://liginc.co.jp/419271',
  postDate: '2018.08.29',
  author: '野田クラクションべべー',
  categories: '動画',
  ligLikeCount: '6',
  fbLikeCount: '0',
  tweetCount: '5',
  hatenaBCount: 1 }
1秒待って記事をクリックする
scrapeDetailPage
{ title: '会社のなかに芝生？想いのあるマーケターを募集中の株式会社リジョブで、美女に囲まれて、真夏なのに桜を眺めてきた【大久保】 | 東京上野のWeb制作会社LIG',
  url: 'https://liginc.co.jp/415413',
  postDate: '2018.08.29',
  author: 'まこりーぬ',
  categories: 'キャリア',
  ligLikeCount: '550',
  fbLikeCount: '598',
  tweetCount: '13',
  hatenaBCount: 3 }
1秒待って記事をクリックする
scrapeDetailPage
{ title: '比率を考えたデザインを。比率を計算してくれる無料サービスまとめ | 東京上野のWeb制作会社LIG',
  url: 'https://liginc.co.jp/412050',
  postDate: '2018.08.29',
  author: 'ミライ',
  categories: 'Web制作;デザイン',
  ligLikeCount: '34',
  fbLikeCount: '6',
  tweetCount: '20',
  hatenaBCount: 10 }
1秒待って記事をクリックする
scrapeDetailPage
{ title: 'Nuxt.jsでWebサイト制作 [1] 導入編 | 東京上野のWeb制作会社LIG',
  url: 'https://liginc.co.jp/416085',
  postDate: '2018.08.28',
  author: 'つっちー',
  categories: 'Web制作;フロントエンド',
  ligLikeCount: '16',
  fbLikeCount: '2',
  tweetCount: '10',
  hatenaBCount: 7 }
1秒待って記事をクリックする
scrapeDetailPage
{ title: '【イベント告知】まだまだ夏は終わらない！キンキンに冷えたビールと揚げ物で平成最後の残暑を乗り切ろう | 東京上野のWeb制作会社LIG',
  url: 'https://liginc.co.jp/416286',
  postDate: '2018.08.28',
  author: '野田クラクションべべー',
  categories: 'LIGガレージ;コンテンツ制作;ライフ',
  ligLikeCount: '103',
  fbLikeCount: '106',
  tweetCount: '20',
  hatenaBCount: 1 }
1秒待って記事をクリックする
scrapeDetailPage
{ title: '【完全無料】デキる大人はみんな使ってる！ Googleの新機能「Word Coach」って知ってる？ | 東京上野のWeb制作会社LIG',
  url: 'https://liginc.co.jp/410910',
  postDate: '2018.08.28',
  author: 'くみちゃん',
  categories: '教育;英会話スクール',
  ligLikeCount: '29',
  fbLikeCount: '10',
  tweetCount: '14',
  hatenaBCount: 7 }
1秒待って記事をクリックする
scrapeDetailPage
{ title: '【完全無料】デキる大人はみんな使ってる！ Googleの新機能「Word Coach」って知ってる？ | 東京上野のWeb制作会社LIG',
  url: 'https://liginc.co.jp/410910',
  postDate: '2018.08.28',
  author: 'くみちゃん',
  categories: '教育;英会話スクール',
  ligLikeCount: '108',
  fbLikeCount: '10',
  tweetCount: '14',
  hatenaBCount: 7 }
1秒待って記事をクリックする
scrapeDetailPage
{ title: 'まじめに楽しく3ヶ月を振り返る、LIGの締め会をご紹介します！ | 東京上野のWeb制作会社LIG',
  url: 'https://liginc.co.jp/413229',
  postDate: '2018.08.27',
  author: 'れいこ',
  categories: 'キャリア;オフィス',
  ligLikeCount: '40',
  fbLikeCount: '27',
  tweetCount: '11',
  hatenaBCount: 3 }
すべての記事を読みました。
存在する場合、ページに遷移
scrapeListPage
https://liginc.co.jp/blog/page/9
1秒待って記事をクリックする
scrapeDetailPage
{ title: '会社でサウナ部を立ち上げ、サウナ愛を広げる活動をすることになりました。本当にありがとうございました。 | 東京上野のWeb制作会社LIG',
  url: 'https://liginc.co.jp/417426',
  postDate: '2018.08.26',
  author: '野田クラクションべべー',
  categories: 'コンテンツ制作;ライフ;暮らし',
  ligLikeCount: '35',
  fbLikeCount: '27',
  tweetCount: '13',
  hatenaBCount: 1 }
1秒待って記事をクリックする
scrapeDetailPage
{ title: '自分の技術でお金を稼ぐということはどういうことか | 東京上野のWeb制作会社LIG',
  url: 'https://liginc.co.jp/412805',
  postDate: '2018.08.26',
  author: '田中ラオウ',
  categories: 'アート;コンテンツ制作',
  ligLikeCount: '312',
  fbLikeCount: '297',
  tweetCount: '23',
  hatenaBCount: 2 }
1秒待って記事をクリックする
scrapeDetailPage
{ title: '「YouTube API」を使って複数の動画を管理してみた | 東京上野のWeb制作会社LIG',
  url: 'https://liginc.co.jp/416081',
  postDate: '2018.08.25',
  author: 'はやち',
  categories: 'Web制作;フロントエンド',
  ligLikeCount: '14',
  fbLikeCount: '0',
  tweetCount: '11',
  hatenaBCount: 3 }
1秒待って記事をクリックする
scrapeDetailPage
{ title: '中世ヨーロッパの町並み。エストニアの首都タリンにある「KALMA SAUM」は、老舗感溢れる通好みのサウナだった。 | 東京上野のWeb制作会社LIG',
  url: 'https://liginc.co.jp/415631',
  postDate: '2018.08.25',
  author: '野田クラクションべべー',
  categories: 'コンテンツ制作;ライフ',
  ligLikeCount: '40',
  fbLikeCount: '22',
  tweetCount: '17',
  hatenaBCount: 1 }
1秒待って記事をクリックする
scrapeDetailPage
{ title: '【転職希望者向け】面接通過率を上げるタイプ別「志望動機」の伝え方 | 東京上野のWeb制作会社LIG',
  url: 'https://liginc.co.jp/415514',
  postDate: '2018.08.24',
  author: '栄藤 八',
  categories: 'キャリア;コンテンツ制作',
  ligLikeCount: '27',
  fbLikeCount: '14',
  tweetCount: '10',
  hatenaBCount: 3 }
1秒待って記事をクリックする
scrapeDetailPage
{ title: 'みんながターミナルでよく使うコマンドが知りたい。知りたくない？ | 東京上野のWeb制作会社LIG',
  url: 'https://liginc.co.jp/412435',
  postDate: '2018.08.24',
  author: 'TK',
  categories: 'Web制作;バックエンド',
  ligLikeCount: '36',
  fbLikeCount: '6',
  tweetCount: '25',
  hatenaBCount: 7 }
1秒待って記事をクリックする
scrapeDetailPage
{ title: 'べべの突撃訪問！ ウィスキーがテイスティングできるBAR「Whisky STAND」に行ってきた | 東京上野のWeb制作会社LIG',
  url: 'https://liginc.co.jp/418263',
  postDate: '2018.08.23',
  author: '野田クラクションべべー',
  categories: 'コンテンツ制作;動画',
  ligLikeCount: '9',
  fbLikeCount: '1',
  tweetCount: '7',
  hatenaBCount: 1 }
1秒待って記事をクリックする
scrapeDetailPage
{ title: '【9/21(金)@上野】好評につき第2回！Web制作交流イベント「スナックちゃんれみ」開店！今回のテーマは「デザイナー・エンジニア出身のWebディレクター」。 | 東京上野のWeb制作会社LIG',
  url: 'https://liginc.co.jp/415899',
  postDate: '2018.08.23',
  author: 'ちゃんれみ',
  categories: 'Web制作;お知らせ/募集;イベント情報;ディレクション',
  ligLikeCount: '87',
  fbLikeCount: '81',
  tweetCount: '14',
  hatenaBCount: 2 }
1秒待って記事をクリックする
scrapeDetailPage
{ title: '仕事はもちろんレジャーや趣味にもオススメのお天気メディア５選 | 東京上野のWeb制作会社LIG',
  url: 'https://liginc.co.jp/403737',
  postDate: '2018.08.23',
  author: 'ガク',
  categories: 'コンテンツ制作;テクノロジー;ライティング/編集',
  ligLikeCount: '14',
  fbLikeCount: '4',
  tweetCount: '9',
  hatenaBCount: 1 }
1秒待って記事をクリックする
scrapeDetailPage
{ title: 'サウナで温まったあと飛び込むのはバルト海！？ヘルシンキからフェリーで30分、夏限定の「Lonnna Sauna」が楽園すぎた。 | 東京上野のWeb制作会社LIG',
  url: 'https://liginc.co.jp/415276',
  postDate: '2018.08.23',
  author: '野田クラクションべべー',
  categories: 'ライフ;旅行;暮らし',
  ligLikeCount: '35',
  fbLikeCount: '24',
  tweetCount: '10',
  hatenaBCount: 1 }
前半記事を読みきったよ！これから後半記事を読みます
1秒待って記事をクリックする
scrapeDetailPage
{ title: '【お盆明けのリスタート！】夏の学び直しにオススメのUdemy最新動画講座5選＋α（8/30 16時まで最大95％OFF） | 東京上野のWeb制作会社LIG',
  url: 'https://liginc.co.jp/416325',
  postDate: '2018.08.22',
  author: 'トミエ',
  categories: 'Webサービス',
  ligLikeCount: '34',
  fbLikeCount: '24',
  tweetCount: '8',
  hatenaBCount: 1 }
1秒待って記事をクリックする
scrapeDetailPage
{ title: '意外と大変！なみなみ線の図形のつくりかた | 東京上野のWeb制作会社LIG',
  url: 'https://liginc.co.jp/409690',
  postDate: '2018.08.22',
  author: 'ヴィクトリア',
  categories: 'Web制作;デザイン',
  ligLikeCount: '23',
  fbLikeCount: '8',
  tweetCount: '12',
  hatenaBCount: 5 }
1秒待って記事をクリックする
scrapeDetailPage
{ title: 'フリーランスのWebデザイナーになるにはどうしたらいい？独立1年目の先輩に聞いてみた | 東京上野のWeb制作会社LIG',
  url: 'https://liginc.co.jp/415925',
  postDate: '2018.08.21',
  author: '天',
  categories: 'Webクリエイタースクール;教育',
  ligLikeCount: '28',
  fbLikeCount: '258',
  tweetCount: '13',
  hatenaBCount: 3 }
1秒待って記事をクリックする
scrapeDetailPage
{ title: '【9/13(木)19時半〜@上野】博報堂ケトル出身のPRディレクターが教える「クリエイティブPR」とは何か？セミナーを開催します！ | 東京上野のWeb制作会社LIG',
  url: 'https://liginc.co.jp/416811',
  postDate: '2018.08.21',
  author: 'ちゃんれみ',
  categories: 'Web制作;ディレクション',
  ligLikeCount: '58',
  fbLikeCount: '43',
  tweetCount: '18',
  hatenaBCount: 1 }
1秒待って記事をクリックする
scrapeDetailPage
{ title: '【管理室からのお知らせ】自転車を購入いたしました。 | 東京上野のWeb制作会社LIG',
  url: 'https://liginc.co.jp/415806',
  postDate: '2018.08.21',
  author: '織田丸',
  categories: 'ライフ;暮らし',
  ligLikeCount: '20',
  fbLikeCount: '9',
  tweetCount: '10',
  hatenaBCount: 2 }
1秒待って記事をクリックする
scrapeDetailPage
{ title: '採用サイト制作、押さえるべきポイントを教えます。【サイトマップ／コンテンツ例／LIG制作実績付き】 | 東京上野のWeb制作会社LIG',
  url: 'https://liginc.co.jp/416530',
  postDate: '2018.08.20',
  author: '北川パーヤン',
  categories: 'Web制作',
  ligLikeCount: '61',
  fbLikeCount: '35',
  tweetCount: '21',
  hatenaBCount: 8 }
1秒待って記事をクリックする
scrapeDetailPage
{ title: 'LIGデザイナーが"踊り手"としてブレイクダンスのヨーロッパツアー公演に参加します。 | 東京上野のWeb制作会社LIG',
  url: 'https://liginc.co.jp/412716',
  postDate: '2018.08.20',
  author: 'Jona',
  categories: 'アート;エンタメ;芸能',
  ligLikeCount: '201',
  fbLikeCount: '244',
  tweetCount: '16',
  hatenaBCount: 2 }
1秒待って記事をクリックする
scrapeDetailPage
{ title: '「それっぽさ」の虜になった。モトキウエダの描く新作「大きな水平線」がLIGガレージに届きました。 | 東京上野のWeb制作会社LIG',
  url: 'https://liginc.co.jp/401448',
  postDate: '2018.08.19',
  author: '野田クラクションべべー',
  categories: 'LIGガレージ;アート;エンタメ;ライフ',
  ligLikeCount: '10',
  fbLikeCount: '2',
  tweetCount: '7',
  hatenaBCount: 1 }
1秒待って記事をクリックする
scrapeDetailPage
{ title: '大切なことはすべて傾奇者に教わった！ 男にも女にも惚れられる"漢"・前田慶次の名言を紹介します | 東京上野のWeb制作会社LIG',
  url: 'https://liginc.co.jp/412868',
  postDate: '2018.08.19',
  author: '森林木人',
  categories: 'アニメ/漫画;エンタメ;コンテンツ制作',
  ligLikeCount: '8',
  fbLikeCount: '1',
  tweetCount: '6',
  hatenaBCount: 1 }
1秒待って記事をクリックする
scrapeDetailPage
{ title: '8/29(水)20時〜＠池袋「LIGブログのバナーから知るPhotoshop講座」を開催します！ | 東京上野のWeb制作会社LIG',
  url: 'https://liginc.co.jp/415883',
  postDate: '2018.08.18',
  author: '天',
  categories: 'Webクリエイタースクール;教育',
  ligLikeCount: '29',
  fbLikeCount: '17',
  tweetCount: '11',
  hatenaBCount: 1 }
すべての記事を読みました。
存在する場合、ページに遷移
scrapeListPage
https://liginc.co.jp/blog/page/10
1秒待って記事をクリックする
scrapeDetailPage
{ title: '「グラデーションのゴーストボタン」をつくるときに最適なスタイルの当て方を考えてみた | 東京上野のWeb制作会社LIG',
  url: 'https://liginc.co.jp/415315',
  postDate: '2018.08.18',
  author: 'はやち',
  categories: 'Web制作;フロントエンド',
  ligLikeCount: '88',
  fbLikeCount: '48',
  tweetCount: '33',
  hatenaBCount: 12 }
1秒待って記事をクリックする
scrapeDetailPage
{ title: '【8/18（土）@御徒町】Whisky STANDのオープニングイベントを開催します！ | 東京上野のWeb制作会社LIG',
  url: 'https://liginc.co.jp/417229',
  postDate: '2018.08.17',
  author: 'トミエ',
  categories: 'お知らせ/募集;ニュースリリース',
  ligLikeCount: '7',
  fbLikeCount: '1',
  tweetCount: '6',
  hatenaBCount: 0 }
1秒待って記事をクリックする
scrapeDetailPage
{ title: 'WordPressのACFプラグインにおける「Local JSON」とは？ | 東京上野のWeb制作会社LIG',
  url: 'https://liginc.co.jp/412697',
  postDate: '2018.08.17',
  author: 'エリカ',
  categories: 'Web制作;バックエンド',
  ligLikeCount: '25',
  fbLikeCount: '6',
  tweetCount: '15',
  hatenaBCount: 7 }
1秒待って記事をクリックする
scrapeDetailPage
{ title: 'まだ実機検証してるの？クラウド上でテストできる「モバオぺ」がすごい | 東京上野のWeb制作会社LIG',
  url: 'https://liginc.co.jp/406644',
  postDate: '2018.08.16',
  author: 'ともぞう',
  categories: 'Webサービス',
  ligLikeCount: '343',
  fbLikeCount: '313',
  tweetCount: '25',
  hatenaBCount: 7 }
1秒待って記事をクリックする
scrapeDetailPage
{ title: '甲子園の夏。負けても人生は終わらない。〜Life Goes On, Life is Good〜 | 東京上野のWeb制作会社LIG',
  url: 'https://liginc.co.jp/417161',
  postDate: '2018.08.16',
  author: '野田クラクションべべー',
  categories: '動画',
  ligLikeCount: '36',
  fbLikeCount: '30',
  tweetCount: '6',
  hatenaBCount: 1 }
1秒待って記事をクリックする
scrapeDetailPage
{ title: '根っからの旅好きがオススメする！長崎県壱岐島を最高に楽しむ方法！ | 東京上野のWeb制作会社LIG',
  url: 'https://liginc.co.jp/405769',
  postDate: '2018.08.15',
  author: '清',
  categories: 'LAMP壱岐;LAMP豊後大野;ゲストハウス',
  ligLikeCount: '140',
  fbLikeCount: '128',
  tweetCount: '12',
  hatenaBCount: 1 }
1秒待って記事をクリックする
scrapeDetailPage
{ title: '「雨に濡れた女の子に会いたい」という願望を叶えてくれるPhotoshop加工 | 東京上野のWeb制作会社LIG',
  url: 'https://liginc.co.jp/411910',
  postDate: '2018.08.15',
  author: 'ありさん',
  categories: 'Web制作;デザイン',
  ligLikeCount: '21',
  fbLikeCount: '7',
  tweetCount: '11',
  hatenaBCount: 3 }
1秒待って記事をクリックする
scrapeDetailPage
{ title: 'なぜ僕はお盆休みに出勤しているのか？LIGの広報／コンテンツ企画室の夏休み事情をお伝えします。 | 東京上野のWeb制作会社LIG',
  url: 'https://liginc.co.jp/416845',
  postDate: '2018.08.14',
  author: 'ケイ（中野慧）',
  categories: 'コンテンツ制作;ライティング/編集',
  ligLikeCount: '116',
  fbLikeCount: '92',
  tweetCount: '22',
  hatenaBCount: 2 }
1秒待って記事をクリックする
scrapeDetailPage
{ title: '男女共用＆24時間営業のセルフ式サウナ「Sompa Sauna」は、心も身体も温まるエピソードが詰まった場所でした。 | 東京上野のWeb制作会社LIG',
  url: 'https://liginc.co.jp/415040',
  postDate: '2018.08.14',
  author: '野田クラクションべべー',
  categories: 'ライフ;旅行;暮らし',
  ligLikeCount: '45',
  fbLikeCount: '32',
  tweetCount: '13',
  hatenaBCount: 1 }
1秒待って記事をクリックする
scrapeDetailPage
{ title: '【エクセル】VLOOKUP関数とはいったい何者なのか、みなさん気になっていると思います。 | 東京上野のWeb制作会社LIG',
  url: 'https://liginc.co.jp/412750',
  postDate: '2018.08.13',
  author: 'ゆりえ',
  categories: '経営;ビジネススキル;殿堂入り',
  ligLikeCount: '149',
  fbLikeCount: '123',
  tweetCount: '24',
  hatenaBCount: 7 }
前半記事を読みきったよ！これから後半記事を読みます
1秒待って記事をクリックする
scrapeDetailPage
{ title: '2018年に流行った見出しデザイン5パターン！最新トレンドはどう変わった？ | 東京上野のWeb制作会社LIG',
  url: 'https://liginc.co.jp/412995',
  postDate: '2018.08.13',
  author: '藤田',
  categories: 'Web制作;デザイン',
  ligLikeCount: '54',
  fbLikeCount: '19',
  tweetCount: '27',
  hatenaBCount: 12 }
1秒待って記事をクリックする
scrapeDetailPage
{ title: '大盛況！Webディレクター交流イベント「スナックちゃんれみ」を初開催しました！ | 東京上野のWeb制作会社LIG',
  url: 'https://liginc.co.jp/411796',
  postDate: '2018.08.13',
  author: 'しゅん',
  categories: 'Web制作;ディレクション;お知らせ/募集;イベント情報',
  ligLikeCount: '14',
  fbLikeCount: '3',
  tweetCount: '10',
  hatenaBCount: 2 }
1秒待って記事をクリックする
scrapeDetailPage
{ title: 'フィンランド初日にまさかのハプニング。男性専用のアングラなサウナに行ってきた。 | 東京上野のWeb制作会社LIG',
  url: 'https://liginc.co.jp/414950',
  postDate: '2018.08.12',
  author: '野田クラクションべべー',
  categories: 'ライフ;旅行',
  ligLikeCount: '59',
  fbLikeCount: '43',
  tweetCount: '16',
  hatenaBCount: 1 }
1秒待って記事をクリックする
scrapeDetailPage
{ title: '西日本豪雨災害が起こりました。僕たちはこのままじゃいけない。変わらなければいけない。 | 東京上野のWeb制作会社LIG',
  url: 'https://liginc.co.jp/414610',
  postDate: '2018.08.11',
  author: 'まさし',
  categories: 'いいオフィス広島;コワーキング;働き方',
  ligLikeCount: '38',
  fbLikeCount: '27',
  tweetCount: '11',
  hatenaBCount: 1 }
1秒待って記事をクリックする
scrapeDetailPage
{ title: 'カメラや携帯充電器、駐車場までシェアできる!? ちょっと意外な「シェアリングエコノミー」をまとめました | 東京上野のWeb制作会社LIG',
  url: 'https://liginc.co.jp/413478',
  postDate: '2018.08.11',
  author: 'ライダー',
  categories: 'Webサービス;Web制作;フロントエンド',
  ligLikeCount: '11',
  fbLikeCount: '0',
  tweetCount: '9',
  hatenaBCount: 2 }
1秒待って記事をクリックする
scrapeDetailPage
{ title: '嗚呼、愛しのLinuxディストリビューション【4系統の特徴まとめ】 | 東京上野のWeb制作会社LIG',
  url: 'https://liginc.co.jp/409986',
  postDate: '2018.08.10',
  author: 'TK',
  categories: 'Web制作;バックエンド',
  ligLikeCount: '14',
  fbLikeCount: '2',
  tweetCount: '9',
  hatenaBCount: 3 }
1秒待って記事をクリックする
scrapeDetailPage
{ title: '全力下り坂 No.4 〜たわ吉編〜 | 東京上野のWeb制作会社LIG',
  url: 'https://liginc.co.jp/415894',
  postDate: '2018.08.09',
  author: 'もりすけ',
  categories: 'エンタメ;動画;映像',
  ligLikeCount: '7',
  fbLikeCount: '0',
  tweetCount: '6',
  hatenaBCount: 1 }
1秒待って記事をクリックする
scrapeDetailPage
{ title: '「LIGってなにをしてる会社なの？」メディア掲載実績をまとめてみた 【Webメディア編】 | 東京上野のWeb制作会社LIG',
  url: 'https://liginc.co.jp/414996',
  postDate: '2018.08.09',
  author: 'バージニア',
  categories: 'メディア掲載情報;コンテンツ制作;お知らせ/募集',
  ligLikeCount: '14',
  fbLikeCount: '2',
  tweetCount: '11',
  hatenaBCount: 1 }
1秒待って記事をクリックする
scrapeDetailPage
{ title: '本場フィンランドのサウナでは湖や海に飛び込むのが当たり前！？心と体を「ととのえ」に行ってきた。 | 東京上野のWeb制作会社LIG',
  url: 'https://liginc.co.jp/412900',
  postDate: '2018.08.09',
  author: '野田クラクションべべー',
  categories: 'ライフ;旅行;暮らし',
  ligLikeCount: '85',
  fbLikeCount: '72',
  tweetCount: '12',
  hatenaBCount: 1 }
1秒待って記事をクリックする
scrapeDetailPage
{ title: '【今年は昔ながらの夏祭りに行こう】2018年夏、大分県豊後大野市で行われる夏祭りを紹介します | 東京上野のWeb制作会社LIG',
  url: 'https://liginc.co.jp/415039',
  postDate: '2018.08.08',
  author: 'ケン',
  categories: 'LAMP豊後大野;ゲストハウス;地方創生',
  ligLikeCount: '54',
  fbLikeCount: '45',
  tweetCount: '8',
  hatenaBCount: 1 }
すべての記事を読みました。
存在する場合、ページに遷移
scrapeListPage
https://liginc.co.jp/blog/page/11
1秒待って記事をクリックする
scrapeDetailPage
{ title: 'マイルをシェアしてお得に旅行できる「MileShare」を利用して、長崎県の壱岐島に行ってきました！ | 東京上野のWeb制作会社LIG',
  url: 'https://liginc.co.jp/413543',
  postDate: '2018.08.08',
  author: 'まりな',
  categories: 'ライフ;旅行',
  ligLikeCount: '633',
  fbLikeCount: '631',
  tweetCount: '18',
  hatenaBCount: 1 }
1秒待って記事をクリックする
scrapeDetailPage
{ title: '【8/10(金)20時〜】STUDIO池袋で座談会「現場で活躍するデザイナー・エンジニアにお話を聞いてみよう」を開催します！ | 東京上野のWeb制作会社LIG',
  url: 'https://liginc.co.jp/415101',
  postDate: '2018.08.07',
  author: '天',
  categories: '教育;Webクリエイタースクール',
  ligLikeCount: '81',
  fbLikeCount: '73',
  tweetCount: '7',
  hatenaBCount: 1 }
1秒待って記事をクリックする
scrapeDetailPage
{ title: '「STUDIOのおかげでデザイナーに挑戦する勇気が持てた」現役文系大学生がSTUDIO上野に通って得たもの | 東京上野のWeb制作会社LIG',
  url: 'https://liginc.co.jp/413163',
  postDate: '2018.08.07',
  author: '白井エリー',
  categories: 'Webクリエイタースクール;教育',
  ligLikeCount: '361',
  fbLikeCount: '371',
  tweetCount: '8',
  hatenaBCount: 1 }
1秒待って記事をクリックする
scrapeDetailPage
{ title: '「Googleタグマネージャ」をつかってpjax遷移時にGoogleアナリティクスを集計する方法 | 東京上野のWeb制作会社LIG',
  url: 'https://liginc.co.jp/413024',
  postDate: '2018.08.07',
  author: 'ハル',
  categories: 'Web制作;フロントエンド',
  ligLikeCount: '47',
  fbLikeCount: '4',
  tweetCount: '17',
  hatenaBCount: 28 }
1秒待って記事をクリックする
scrapeDetailPage
{ title: '妊娠とLIGにおける働き方 | 東京上野のWeb制作会社LIG',
  url: 'https://liginc.co.jp/389048',
  postDate: '2018.08.06',
  author: 'むむ',
  categories: 'キャリア;働き方',
  ligLikeCount: '100',
  fbLikeCount: '71',
  tweetCount: '28',
  hatenaBCount: 1 }
1秒待って記事をクリックする
scrapeDetailPage
{ title: 'Photoshopでヴィジュアル系メイクを施す方法 | 東京上野のWeb制作会社LIG',
  url: 'https://liginc.co.jp/406585',
  postDate: '2018.08.06',
  author: 'ありさん',
  categories: 'Web制作;デザイン',
  ligLikeCount: '28',
  fbLikeCount: '6',
  tweetCount: '20',
  hatenaBCount: 4 }
1秒待って記事をクリックする
scrapeDetailPage
{ title: '信濃町歴20年以上のゴッドマザーがオススメ！上水内郡信濃町の絶品ランチ3選 | 東京上野のWeb制作会社LIG',
  url: 'https://liginc.co.jp/407052',
  postDate: '2018.08.05',
  author: 'ゴッドマザーゆみ',
  categories: 'LAMP野尻湖;ゲストハウス',
  ligLikeCount: '12',
  fbLikeCount: '5',
  tweetCount: '7',
  hatenaBCount: 1 }
1秒待って記事をクリックする
scrapeDetailPage
{ title: '仕事をもっと楽しくするシンプルな仕組み「10%ルール」とは？ | 東京上野のWeb制作会社LIG',
  url: 'https://liginc.co.jp/409955',
  postDate: '2018.08.05',
  author: 'はっしー',
  categories: 'キャリア;働き方',
  ligLikeCount: '42',
  fbLikeCount: '12',
  tweetCount: '28',
  hatenaBCount: 5 }
1秒待って記事をクリックする
scrapeDetailPage
{ title: '暑い季節にぴったり！『鯛茶STAND』の夏季限定メニュー「なめろう冷汁」の簡単レシピ | 東京上野のWeb制作会社LIG',
  url: 'https://liginc.co.jp/410288',
  postDate: '2018.08.04',
  author: 'トク',
  categories: '飲食;鯛茶STAND',
  ligLikeCount: '9',
  fbLikeCount: '1',
  tweetCount: '7',
  hatenaBCount: 1 }
1秒待って記事をクリックする
scrapeDetailPage
{ title: '超簡単！imageminで画像圧縮のタスクを作ってみる【拡張子全部乗せ2018】 | 東京上野のWeb制作会社LIG',
  url: 'https://liginc.co.jp/412075',
  postDate: '2018.08.04',
  author: 'ザワ',
  categories: 'Web制作;フロントエンド',
  ligLikeCount: '16',
  fbLikeCount: '2',
  tweetCount: '11',
  hatenaBCount: 8 }
前半記事を読みきったよ！これから後半記事を読みます
1秒待って記事をクリックする
scrapeDetailPage
{ title: 'ローカルビジネスの難しさって？ 信濃の国で開かれた「LIG SHIP NAGANO #1」その舞台裏 | 東京上野のWeb制作会社LIG',
  url: 'https://liginc.co.jp/412889',
  postDate: '2018.08.03',
  author: 'まさくに',
  categories: 'Web制作;いいオフィス野尻湖;地方創生',
  ligLikeCount: '18',
  fbLikeCount: '4',
  tweetCount: '12',
  hatenaBCount: 3 }
1秒待って記事をクリックする
scrapeDetailPage
{ title: '最初で最後になるかもしれないライブペイントを『森、道、市場 2018』でやりきりました。 | 東京上野のWeb制作会社LIG',
  url: 'https://liginc.co.jp/400186',
  postDate: '2018.08.03',
  author: '野田クラクションべべー',
  categories: 'コンテンツ制作;お知らせ/募集;ニュースリリース;イベント情報;ライフ',
  ligLikeCount: '15',
  fbLikeCount: '5',
  tweetCount: '11',
  hatenaBCount: 0 }
1秒待って記事をクリックする
scrapeDetailPage
{ title: '「そんなに言うならアドレサブル広告で効果が出なかったら返金します！」 | 東京上野のWeb制作会社LIG',
  url: 'https://liginc.co.jp/413774',
  postDate: '2018.08.02',
  author: '森林木人',
  categories: 'マーケティング;経営',
  ligLikeCount: '577',
  fbLikeCount: '622',
  tweetCount: '17',
  hatenaBCount: 4 }
1秒待って記事をクリックする
scrapeDetailPage
{ title: '未経験者がWebデザイナーとして転職するときに行うべき3つの行動 | 東京上野のWeb制作会社LIG',
  url: 'https://liginc.co.jp/412427',
  postDate: '2018.08.02',
  author: '岡田 ダダ',
  categories: 'Webクリエイタースクール;教育',
  ligLikeCount: '16',
  fbLikeCount: '0',
  tweetCount: '14',
  hatenaBCount: 4 }
1秒待って記事をクリックする
scrapeDetailPage
{ title: '上野校に5人目の英会話の先生がやってきた｜START-UP ENGLISH 上野校 by LIG | 東京上野のWeb制作会社LIG',
  url: 'https://liginc.co.jp/409258',
  postDate: '2018.08.01',
  author: 'まりな',
  categories: '教育;英会話スクール',
  ligLikeCount: '15',
  fbLikeCount: '8',
  tweetCount: '6',
  hatenaBCount: 1 }
1秒待って記事をクリックする
scrapeDetailPage
{ title: '全力下り坂 No.3 〜もりすけ編〜 | 東京上野のWeb制作会社LIG',
  url: 'https://liginc.co.jp/414810',
  postDate: '2018.08.01',
  author: 'LIGブログ編集部',
  categories: 'エンタメ;動画',
  ligLikeCount: '11',
  fbLikeCount: '3',
  tweetCount: '7',
  hatenaBCount: 1 }
1秒待って記事をクリックする
scrapeDetailPage
{ title: 'デザイナーにおすすめのChrome拡張機能まとめ | 東京上野のWeb制作会社LIG',
  url: 'https://liginc.co.jp/404799',
  postDate: '2018.08.01',
  author: 'ミライ',
  categories: 'Web制作;デザイン;殿堂入り',
  ligLikeCount: '324',
  fbLikeCount: '191',
  tweetCount: '115',
  hatenaBCount: 41 }
1秒待って記事をクリックする
scrapeDetailPage
{ title: '「インタラクティブ動画」って何？新しい動画メディア？気になったので担当者に聞いてみた | 東京上野のWeb制作会社LIG',
  url: 'https://liginc.co.jp/409776',
  postDate: '2018.07.31',
  author: '観音クリエイション',
  categories: 'Webサービス',
  ligLikeCount: '395',
  fbLikeCount: '802',
  tweetCount: '38',
  hatenaBCount: 8 }
1秒待って記事をクリックする
scrapeDetailPage
{ title: 'LIGブログリニューアルの舞台裏を聞いてみた【LIG SHIP #8 イベントレポート】 | 東京上野のWeb制作会社LIG',
  url: 'https://liginc.co.jp/409310',
  postDate: '2018.07.31',
  author: 'はっちゃん',
  categories: 'Web制作',
  ligLikeCount: '16',
  fbLikeCount: '1',
  tweetCount: '13',
  hatenaBCount: 2 }
1秒待って記事をクリックする
scrapeDetailPage
{ title: '【満員御礼】7月の会社説明会 in 宮城・北海道のイベントレポート　8月は8/2(木)〜8/6(月) 広島・福岡・沖縄で参加費無料の飲み会（LIGの会社説明会）をします！ | 東京上野のWeb制作会社LIG',
  url: 'https://liginc.co.jp/414026',
  postDate: '2018.07.30',
  author: '観音クリエイション',
  categories: 'お知らせ/募集;イベント情報',
  ligLikeCount: '116',
  fbLikeCount: '90',
  tweetCount: '24',
  hatenaBCount: 2 }
すべての記事を読みました。
存在する場合、ページに遷移
scrapeListPage
https://liginc.co.jp/blog/page/12
1秒待って記事をクリックする
scrapeDetailPage
{ title: '社内のコミュニケーションを円滑にする福利厚生、「ご飯支給制度」についてご紹介します | 東京上野のWeb制作会社LIG',
  url: 'https://liginc.co.jp/397279',
  postDate: '2018.07.30',
  author: 'なお',
  categories: '人事戦略;経営',
  ligLikeCount: '62',
  fbLikeCount: '44',
  tweetCount: '15',
  hatenaBCount: 4 }
1秒待って記事をクリックする
scrapeDetailPage
{ title: '【8/4(土)11時〜】転職セミナー「Web業界に転職するためにしないといけないこと」（＠上野LIGオフィス）を開催します！ | 東京上野のWeb制作会社LIG',
  url: 'https://liginc.co.jp/412516',
  postDate: '2018.07.29',
  author: '白井エリー',
  categories: 'Webクリエイタースクール;お知らせ/募集;イベント情報;教育',
  ligLikeCount: '57',
  fbLikeCount: '49',
  tweetCount: '9',
  hatenaBCount: 1 }
1秒待って記事をクリックする
scrapeDetailPage
{ title: '広島のコワーキングスペース「いいオフィス広島」の「いい」ところ | 東京上野のWeb制作会社LIG',
  url: 'https://liginc.co.jp/411705',
  postDate: '2018.07.29',
  author: 'まさし',
  categories: 'いいオフィス広島;コワーキング',
  ligLikeCount: '132',
  fbLikeCount: '122',
  tweetCount: '19',
  hatenaBCount: 2 }
1秒待って記事をクリックする
scrapeDetailPage
{ title: 'たった3分で通過率100%？あの孫正義を支えたプレゼン資料作成術とは | 東京上野のWeb制作会社LIG',
  url: 'https://liginc.co.jp/412191',
  postDate: '2018.07.28',
  author: '流石香織',
  categories: 'ビジネススキル',
  ligLikeCount: '82',
  fbLikeCount: '68',
  tweetCount: '15',
  hatenaBCount: 9 }
1秒待って記事をクリックする
scrapeDetailPage
{ title: '【追加開催決定！】LIGデザイナーをゲストに座談会#02を開催しました！ | 東京上野のWeb制作会社LIG',
  url: 'https://liginc.co.jp/405277',
  postDate: '2018.07.28',
  author: '天',
  categories: 'Webクリエイタースクール;教育',
  ligLikeCount: '181',
  fbLikeCount: '173',
  tweetCount: '8',
  hatenaBCount: 0 }
1秒待って記事をクリックする
scrapeDetailPage
{ title: '【記事広告とは】メリット・事例・活用シーンをドドンとまとめました！ | 東京上野のWeb制作会社LIG',
  url: 'https://liginc.co.jp/410621',
  postDate: '2018.07.27',
  author: 'まこりーぬ',
  categories: 'コンテンツ制作;ライティング/編集;経営;マーケティング',
  ligLikeCount: '26',
  fbLikeCount: '6',
  tweetCount: '17',
  hatenaBCount: 4 }
1秒待って記事をクリックする
scrapeDetailPage
{ title: '東京→長野→広島。暮らす地域でベストな働き方をつくる。 | 東京上野のWeb制作会社LIG',
  url: 'https://liginc.co.jp/407425',
  postDate: '2018.07.27',
  author: 'まさし',
  categories: 'いいオフィス広島;コワーキング;キャリア;働き方',
  ligLikeCount: '296',
  fbLikeCount: '275',
  tweetCount: '26',
  hatenaBCount: 2 }
1秒待って記事をクリックする
scrapeDetailPage
{ title: '1億円以上でWebサービスを売買できる？Webサービス専門のM&Aサービス「Awesome」について聞いてみた | 東京上野のWeb制作会社LIG',
  url: 'https://liginc.co.jp/410538',
  postDate: '2018.07.26',
  author: '岩(ガン)',
  categories: 'Webサービス;経営',
  ligLikeCount: '81',
  fbLikeCount: '65',
  tweetCount: '10',
  hatenaBCount: 6 }
1秒待って記事をクリックする
scrapeDetailPage
{ title: '雑誌はデザインの参考書!?Webデザインにも応用できることまとめ | 東京上野のWeb制作会社LIG',
  url: 'https://liginc.co.jp/397029',
  postDate: '2018.07.26',
  author: 'ヴィクトリア',
  categories: 'Web制作;デザイン',
  ligLikeCount: '53',
  fbLikeCount: '8',
  tweetCount: '23',
  hatenaBCount: 24 }
1秒待って記事をクリックする
scrapeDetailPage
{ title: '【空間活用におけるコミュニティ形成方法とマネタイズ】LIG × TOKYO307 2社共催の無料セミナーを8/8（水）に開催します！ | 東京上野のWeb制作会社LIG',
  url: 'https://liginc.co.jp/411432',
  postDate: '2018.07.26',
  author: 'Jack',
  categories: 'お知らせ/募集;イベント情報',
  ligLikeCount: '22',
  fbLikeCount: '22',
  tweetCount: '9',
  hatenaBCount: 1 }
前半記事を読みきったよ！これから後半記事を読みます
1秒待って記事をクリックする
scrapeDetailPage
{ title: '能力を開花させたいエンジニア必見！膨大なデータ処理技術が必要なアドテク領域で挑戦しませんか？｜Opt Technologies | 東京上野のWeb制作会社LIG',
  url: 'https://liginc.co.jp/411411',
  postDate: '2018.07.25',
  author: '岩(ガン)',
  categories: 'インタビュー;キャリア;働き方',
  ligLikeCount: '66',
  fbLikeCount: '76',
  tweetCount: '29',
  hatenaBCount: 3 }
1秒待って記事をクリックする
scrapeDetailPage
{ title: '能力を開花させたいエンジニア必見！膨大なデータ処理技術が必要なアドテク領域で挑戦しませんか？｜Opt Technologies | 東京上野のWeb制作会社LIG',
  url: 'https://liginc.co.jp/411411',
  postDate: '2018.07.25',
  author: '岩(ガン)',
  categories: 'インタビュー;キャリア;働き方',
  ligLikeCount: '110',
  fbLikeCount: '76',
  tweetCount: '29',
  hatenaBCount: 3 }
1秒待って記事をクリックする
scrapeDetailPage
{ title: '東京に閉じこもって仕事するのは嫌だ！会社のメンバーで長野まで合宿に行ってきた。 | 東京上野のWeb制作会社LIG',
  url: 'https://liginc.co.jp/412873',
  postDate: '2018.07.25',
  author: '野田クラクションべべー',
  categories: 'LAMP野尻湖;ゲストハウス;コンテンツ制作;動画',
  ligLikeCount: '11',
  fbLikeCount: '3',
  tweetCount: '8',
  hatenaBCount: 0 }
1秒待って記事をクリックする
scrapeDetailPage
{ title: '横方向にも対応できる！ Googleスプレッドシートで重複を削除する一番簡単な方法 | 東京上野のWeb制作会社LIG',
  url: 'https://liginc.co.jp/409012',
  postDate: '2018.07.24',
  author: 'ゆりえ',
  categories: '経営;ビジネススキル',
  ligLikeCount: '30',
  fbLikeCount: '17',
  tweetCount: '13',
  hatenaBCount: 1 }
1秒待って記事をクリックする
scrapeDetailPage
{ title: '編集者の僕が欲しかった機能を実装してくれた「フリーランスマネジメントツール」が便利なので紹介する | 東京上野のWeb制作会社LIG',
  url: 'https://liginc.co.jp/405787',
  postDate: '2018.07.23',
  author: 'ハダタロー',
  categories: 'Webサービス',
  ligLikeCount: '429',
  fbLikeCount: '428',
  tweetCount: '17',
  hatenaBCount: 7 }
1秒待って記事をクリックする
scrapeDetailPage
{ title: '【7/25(水)〜7/31(火) 宮城・北海道・京都・大阪】LIGの会社説明会という名目で無料で飲み会をします！ | 東京上野のWeb制作会社LIG',
  url: 'https://liginc.co.jp/412462',
  postDate: '2018.07.23',
  author: '観音クリエイション',
  categories: 'お知らせ/募集;イベント情報',
  ligLikeCount: '147',
  fbLikeCount: '129',
  tweetCount: '18',
  hatenaBCount: 1 }
1秒待って記事をクリックする
scrapeDetailPage
{ title: 'デザインがしっくりこないときに試すこと10選【新米デザイナー向け】 | 東京上野のWeb制作会社LIG',
  url: 'https://liginc.co.jp/402897',
  postDate: '2018.07.23',
  author: 'Jona',
  categories: 'Web制作;デザイン;殿堂入り',
  ligLikeCount: '969',
  fbLikeCount: '342',
  tweetCount: '255',
  hatenaBCount: 478 }
1秒待って記事をクリックする
scrapeDetailPage
{ title: '管理室4年目のいなみが業務内容をさくっと紹介します | 東京上野のWeb制作会社LIG',
  url: 'https://liginc.co.jp/402298',
  postDate: '2018.07.22',
  author: 'いなみ',
  categories: 'キャリア;オフィス',
  ligLikeCount: '20',
  fbLikeCount: '5',
  tweetCount: '15',
  hatenaBCount: 0 }
1秒待って記事をクリックする
scrapeDetailPage
{ title: '中国の「飲みニケーション」に学ぶ！ 営業の極意とは | 東京上野のWeb制作会社LIG',
  url: 'https://liginc.co.jp/411557',
  postDate: '2018.07.22',
  author: 'どいつ',
  categories: 'コンテンツ制作;ビジネススキル',
  ligLikeCount: '10',
  fbLikeCount: '1',
  tweetCount: '8',
  hatenaBCount: 1 }
1秒待って記事をクリックする
scrapeDetailPage
{ title: 'WordPressの「ビジュアルエディタ」を見やすくカスタマイズする | 東京上野のWeb制作会社LIG',
  url: 'https://liginc.co.jp/410995',
  postDate: '2018.07.21',
  author: 'ハル',
  categories: 'Web制作;フロントエンド',
  ligLikeCount: '48',
  fbLikeCount: '6',
  tweetCount: '29',
  hatenaBCount: 16 }
すべての記事を読みました。
存在する場合、ページに遷移
scrapeListPage
https://liginc.co.jp/blog/page/13
1秒待って記事をクリックする
scrapeDetailPage
{ title: '絶対的技法「被写体への視線誘導」を使ったポートレート撮影術 | 東京上野のWeb制作会社LIG',
  url: 'https://liginc.co.jp/410568',
  postDate: '2018.07.20',
  author: 'たわ吉',
  categories: 'コンテンツ制作;カメラ/撮影',
  ligLikeCount: '46',
  fbLikeCount: '22',
  tweetCount: '28',
  hatenaBCount: 0 }
1秒待って記事をクリックする
scrapeDetailPage
{ title: 'Vimをもっと上手に! 新たな旋風、Neovimで自堕落なVim力に喝を入れる。 | 東京上野のWeb制作会社LIG',
  url: 'https://liginc.co.jp/409849',
  postDate: '2018.07.20',
  author: 'まさくに',
  categories: 'Web制作;バックエンド',
  ligLikeCount: '117',
  fbLikeCount: '3',
  tweetCount: '43',
  hatenaBCount: 82 }
1秒待って記事をクリックする
scrapeDetailPage
{ title: '起業家5000名以上が利用する「Founder」ってどんなサービス？　実際に利用している起業家に聞いてみた。 | 東京上野のWeb制作会社LIG',
  url: 'https://liginc.co.jp/410303',
  postDate: '2018.07.19',
  author: '岩(ガン)',
  categories: 'Webサービス;経営',
  ligLikeCount: '308',
  fbLikeCount: '300',
  tweetCount: '9',
  hatenaBCount: 0 }
1秒待って記事をクリックする
scrapeDetailPage
{ title: 'まるで気分は億り人……!? 長崎の〇〇通貨を使って壱岐島で豪遊してきた | 東京上野のWeb制作会社LIG',
  url: 'https://liginc.co.jp/408915',
  postDate: '2018.07.19',
  author: 'バージニア',
  categories: 'LAMP壱岐;ゲストハウス',
  ligLikeCount: '190',
  fbLikeCount: '164',
  tweetCount: '25',
  hatenaBCount: 2 }
1秒待って記事をクリックする
scrapeDetailPage
{ title: '全力下り坂 No.1~2 〜もりを、岩ちゃん編〜 | 東京上野のWeb制作会社LIG',
  url: 'https://liginc.co.jp/412000',
  postDate: '2018.07.18',
  author: 'もりすけ',
  categories: 'カメラ/撮影;コンテンツ制作;動画',
  ligLikeCount: '28',
  fbLikeCount: '20',
  tweetCount: '10',
  hatenaBCount: 0 }
1秒待って記事をクリックする
scrapeDetailPage
{ title: '知っている人は知っている！ モバイルビューを意識した縦長比率のイメージを使用しているサイト5選 | 東京上野のWeb制作会社LIG',
  url: 'https://liginc.co.jp/409172',
  postDate: '2018.07.18',
  author: 'けんてぃ',
  categories: 'Web制作;デザイン',
  ligLikeCount: '32',
  fbLikeCount: '7',
  tweetCount: '22',
  hatenaBCount: 7 }
1秒待って記事をクリックする
scrapeDetailPage
{ title: '合コンやデートにも活かせる！会食セッティングのポイント | 東京上野のWeb制作会社LIG',
  url: 'https://liginc.co.jp/409560',
  postDate: '2018.07.17',
  author: 'らら',
  categories: 'ビジネススキル;経営',
  ligLikeCount: '23',
  fbLikeCount: '15',
  tweetCount: '9',
  hatenaBCount: 1 }
1秒待って記事をクリックする
scrapeDetailPage
{ title: '新卒エンジニアがセブで過ごした3ヶ月間を振り返ります【日常生活編】 | 東京上野のWeb制作会社LIG',
  url: 'https://liginc.co.jp/406141',
  postDate: '2018.07.17',
  author: 'ライダー',
  categories: 'Web制作;フロントエンド',
  ligLikeCount: '11',
  fbLikeCount: '2',
  tweetCount: '11',
  hatenaBCount: 0 }
1秒待って記事をクリックする
scrapeDetailPage
{ title: '未経験からWeb業界への転職を、カレーを作りながら振り返ってみた | 東京上野のWeb制作会社LIG',
  url: 'https://liginc.co.jp/404210',
  postDate: '2018.07.17',
  author: 'きくりん',
  categories: 'Webクリエイタースクール;教育',
  ligLikeCount: '13',
  fbLikeCount: '6',
  tweetCount: '9',
  hatenaBCount: 1 }
1秒待って記事をクリックする
scrapeDetailPage
{ title: '複数案件を掛け持ちしているデザイナーが、日々の業務をスムーズに進行するために考えておきたいこと4選 | 東京上野のWeb制作会社LIG',
  url: 'https://liginc.co.jp/408563',
  postDate: '2018.07.16',
  author: 'タリー',
  categories: 'Web制作;デザイン',
  ligLikeCount: '17',
  fbLikeCount: '4',
  tweetCount: '13',
  hatenaBCount: 2 }
前半記事を読みきったよ！これから後半記事を読みます
1秒待って記事をクリックする
scrapeDetailPage
{ title: '要件定義、要件定義、一体なにをどこまで定義すればいいんだ | 東京上野のWeb制作会社LIG',
  url: 'https://liginc.co.jp/398036',
  postDate: '2018.07.16',
  author: 'さささん',
  categories: 'Web制作;ディレクション',
  ligLikeCount: '127',
  fbLikeCount: '31',
  tweetCount: '35',
  hatenaBCount: 79 }
1秒待って記事をクリックする
scrapeDetailPage
{ title: 'ゲストハウス「LAMP野尻湖」を最高に楽しむ一日のプランを紹介します！ | 東京上野のWeb制作会社LIG',
  url: 'https://liginc.co.jp/410785',
  postDate: '2018.07.15',
  author: 'もっち',
  categories: 'LAMP野尻湖;ゲストハウス',
  ligLikeCount: '28',
  fbLikeCount: '18',
  tweetCount: '11',
  hatenaBCount: 0 }
1秒待って記事をクリックする
scrapeDetailPage
{ title: 'ネクタイの締め方で仕事と合コンがうまくいく方法、教えます | 東京上野のWeb制作会社LIG',
  url: 'https://liginc.co.jp/402134',
  postDate: '2018.07.15',
  author: '齊藤ジョニー',
  categories: 'コンテンツ制作;ファッション',
  ligLikeCount: '13',
  fbLikeCount: '2',
  tweetCount: '11',
  hatenaBCount: 0 }
1秒待って記事をクリックする
scrapeDetailPage
{ title: 'ベジェ曲線を使ってCSSでアニメーションさせてみた | 東京上野のWeb制作会社LIG',
  url: 'https://liginc.co.jp/409827',
  postDate: '2018.07.14',
  author: 'はっちゃん',
  categories: 'Web制作;フロントエンド',
  ligLikeCount: '25',
  fbLikeCount: '6',
  tweetCount: '16',
  hatenaBCount: 4 }
1秒待って記事をクリックする
scrapeDetailPage
{ title: '大学生アルバイトがコワーキングスペース「いいオフィス広島」でリモートワークしてきた | 東京上野のWeb制作会社LIG',
  url: 'https://liginc.co.jp/411134',
  postDate: '2018.07.14',
  author: 'バージニア',
  categories: 'いいオフィス広島;コワーキング',
  ligLikeCount: '27',
  fbLikeCount: '32',
  tweetCount: '12',
  hatenaBCount: 0 }
1秒待って記事をクリックする
scrapeDetailPage
{ title: '《社長が行きます》STAND BY ME 〜全国会社説明ツアー2018〜 を開催いたします。 | 東京上野のWeb制作会社LIG',
  url: 'https://liginc.co.jp/411116',
  postDate: '2018.07.13',
  author: 'あきと',
  categories: 'お知らせ/募集;ニュースリリース;イベント情報;働き方',
  ligLikeCount: '229',
  fbLikeCount: '211',
  tweetCount: '19',
  hatenaBCount: 0 }
1秒待って記事をクリックする
scrapeDetailPage
{ title: 'これが未経験!? デジハリで学んだ社会人学生が制作したWebサイトをご紹介します | 東京上野のWeb制作会社LIG',
  url: 'https://liginc.co.jp/407979',
  postDate: '2018.07.13',
  author: '天',
  categories: 'Webクリエイタースクール;教育',
  ligLikeCount: '183',
  fbLikeCount: '182',
  tweetCount: '17',
  hatenaBCount: 0 }
1秒待って記事をクリックする
scrapeDetailPage
{ title: 'Webディレクターが考える「テスト」の大事さについて | 東京上野のWeb制作会社LIG',
  url: 'https://liginc.co.jp/396556',
  postDate: '2018.07.12',
  author: 'ともぞう',
  categories: 'Web制作;ディレクション',
  ligLikeCount: '55',
  fbLikeCount: '7',
  tweetCount: '42',
  hatenaBCount: 16 }
1秒待って記事をクリックする
scrapeDetailPage
{ title: 'ゲストハウス「LAMP野尻湖」の本気のバーベキューをご紹介します！ | 東京上野のWeb制作会社LIG',
  url: 'https://liginc.co.jp/407945',
  postDate: '2018.07.12',
  author: 'ひとみ',
  categories: 'LAMP野尻湖;ゲストハウス',
  ligLikeCount: '20',
  fbLikeCount: '10',
  tweetCount: '9',
  hatenaBCount: 1 }
1秒待って記事をクリックする
scrapeDetailPage
{ title: '書類選考の通過率が上がる! 元キャリアアドバイザーが教える「職務経歴書」の書き方 | 東京上野のWeb制作会社LIG',
  url: 'https://liginc.co.jp/410494',
  postDate: '2018.07.12',
  author: '栄藤 八',
  categories: 'キャリア;コンテンツ制作',
  ligLikeCount: '15',
  fbLikeCount: '5',
  tweetCount: '12',
  hatenaBCount: 0 }
すべての記事を読みました。
存在する場合、ページに遷移
scrapeListPage
https://liginc.co.jp/blog/page/14
1秒待って記事をクリックする
scrapeDetailPage
{ title: 'モンスター上司を持った僕の悲鳴 | 東京上野のWeb制作会社LIG',
  url: 'https://liginc.co.jp/403301',
  postDate: '2018.07.11',
  author: 'もりすけ',
  categories: 'コンテンツ制作;エンタメ',
  ligLikeCount: '25',
  fbLikeCount: '8',
  tweetCount: '19',
  hatenaBCount: 1 }
1秒待って記事をクリックする
scrapeDetailPage
{ title: '続・今まで私が作ってきた背景ジャックのコンセプトや裏話をまとめてみました。【後編】 | 東京上野のWeb制作会社LIG',
  url: 'https://liginc.co.jp/388251',
  postDate: '2018.07.11',
  author: '杉原ミシェル',
  categories: 'Web制作;お知らせ/募集;イベント情報;デザイン;ニュースリリース',
  ligLikeCount: '17',
  fbLikeCount: '6',
  tweetCount: '15',
  hatenaBCount: 0 }
1秒待って記事をクリックする
scrapeDetailPage
{ title: 'SPAだけじゃない！Vue.js[4] プラグインでさらに便利に拡張する 〜vuelidateでフォーム検証〜 | 東京上野のWeb制作会社LIG',
  url: 'https://liginc.co.jp/400430',
  postDate: '2018.07.10',
  author: 'つっちー',
  categories: 'Web制作;フロントエンド',
  ligLikeCount: '46',
  fbLikeCount: '4',
  tweetCount: '15',
  hatenaBCount: 27 }
1秒待って記事をクリックする
scrapeDetailPage
{ title: 'エンジニアの物理系装備といえばキーボード。僕の装備を紹介します | 東京上野のWeb制作会社LIG',
  url: 'https://liginc.co.jp/402613',
  postDate: '2018.07.10',
  author: 'TK',
  categories: 'Web制作;バックエンド',
  ligLikeCount: '27',
  fbLikeCount: '8',
  tweetCount: '19',
  hatenaBCount: 1 }
1秒待って記事をクリックする
scrapeDetailPage
{ title: '上野のWebデザイナースクール「デジタルハリウッドSTUDIO 上野 by LIG」を徹底解説します！ | 東京上野のWeb制作会社LIG',
  url: 'https://liginc.co.jp/403419',
  postDate: '2018.07.10',
  author: 'まりな',
  categories: 'Webクリエイタースクール;教育',
  ligLikeCount: '296',
  fbLikeCount: '1,668',
  tweetCount: '8',
  hatenaBCount: 0 }
1秒待って記事をクリックする
scrapeDetailPage
{ title: 'ひょんなことからマーベリックの飲み会に参加してみたら意外といい話が聞けた件 | 東京上野のWeb制作会社LIG',
  url: 'https://liginc.co.jp/408857',
  postDate: '2018.07.09',
  author: '観音クリエイション',
  categories: 'オフィス;キャリア;殿堂入り',
  ligLikeCount: '311',
  fbLikeCount: '399',
  tweetCount: '19',
  hatenaBCount: 2 }
1秒待って記事をクリックする
scrapeDetailPage
{ title: 'Google Chromeユーザーは知っておくべき神ワザ！ ひとつ上のスクリーンショット術 | 東京上野のWeb制作会社LIG',
  url: 'https://liginc.co.jp/397899',
  postDate: '2018.07.09',
  author: 'さささん',
  categories: 'Web制作;ディレクション;デザイン;殿堂入り',
  ligLikeCount: '148',
  fbLikeCount: '60',
  tweetCount: '58',
  hatenaBCount: 32 }
1秒待って記事をクリックする
scrapeDetailPage
{ title: 'Webデザインの勉強方法について自分なりに考えてみる | 東京上野のWeb制作会社LIG',
  url: 'https://liginc.co.jp/404009',
  postDate: '2018.07.09',
  author: 'みや',
  categories: 'Web制作;デザイン;殿堂入り',
  ligLikeCount: '234',
  fbLikeCount: '76',
  tweetCount: '125',
  hatenaBCount: 46 }
1秒待って記事をクリックする
scrapeDetailPage
{ title: '国際色豊かなチームになったときに気をつけたい3つのこと | 東京上野のWeb制作会社LIG',
  url: 'https://liginc.co.jp/402219',
  postDate: '2018.07.08',
  author: 'RISH',
  categories: 'Web制作;ディレクション',
  ligLikeCount: '10',
  fbLikeCount: '2',
  tweetCount: '8',
  hatenaBCount: 0 }
1秒待って記事をクリックする
scrapeDetailPage
{ title: '本当に意味、わかってる？ ビジネスシーンで最低限知っておきたい3文字英語 | 東京上野のWeb制作会社LIG',
  url: 'https://liginc.co.jp/405253',
  postDate: '2018.07.08',
  author: '森林木人',
  categories: 'コンテンツ制作;マーケティング',
  ligLikeCount: '54',
  fbLikeCount: '17',
  tweetCount: '25',
  hatenaBCount: 15 }
前半記事を読みきったよ！これから後半記事を読みます
1秒待って記事をクリックする
scrapeDetailPage
{ title: '上司に怒られているときに聴きたいクラシック音楽3選 | 東京上野のWeb制作会社LIG',
  url: 'https://liginc.co.jp/405932',
  postDate: '2018.07.08',
  author: 'もりすけ',
  categories: 'コンテンツ制作;動画',
  ligLikeCount: '9',
  fbLikeCount: '2',
  tweetCount: '7',
  hatenaBCount: 0 }
1秒待って記事をクリックする
scrapeDetailPage
{ title: 'Emmetってどれくらい活用してる? 略して楽するハッピーコーディング！ | 東京上野のWeb制作会社LIG',
  url: 'https://liginc.co.jp/392812',
  postDate: '2018.07.07',
  author: 'ザワ',
  categories: 'Web制作;フロントエンド',
  ligLikeCount: '57',
  fbLikeCount: '12',
  tweetCount: '34',
  hatenaBCount: 15 }
1秒待って記事をクリックする
scrapeDetailPage
{ title: '飲食店をやるなら押さえておきたい、店舗設計で絶対に必要な5大要素 | 東京上野のWeb制作会社LIG',
  url: 'https://liginc.co.jp/405817',
  postDate: '2018.07.07',
  author: 'モトキウエダ',
  categories: 'MOTOKEYS;飲食',
  ligLikeCount: '96',
  fbLikeCount: '79',
  tweetCount: '19',
  hatenaBCount: 1 }
1秒待って記事をクリックする
scrapeDetailPage
{ title: 'デスマーチ確実！ 絶対にやってはいけないシステム開発スケジュールの作り方 | 東京上野のWeb制作会社LIG',
  url: 'https://liginc.co.jp/409948',
  postDate: '2018.07.07',
  author: 'はっしー',
  categories: 'キャリア;働き方',
  ligLikeCount: '39',
  fbLikeCount: '9',
  tweetCount: '29',
  hatenaBCount: 2 }
1秒待って記事をクリックする
scrapeDetailPage
{ title: '【ご報告】弊社は思っていたよりもちゃんとした会社でした。2018年度新卒入社の3人で話して感じたこと。 | 東京上野のWeb制作会社LIG',
  url: 'https://liginc.co.jp/410301',
  postDate: '2018.07.06',
  author: 'バズー',
  categories: 'コンテンツ制作;キャリア',
  ligLikeCount: '49',
  fbLikeCount: '39',
  tweetCount: '11',
  hatenaBCount: 0 }
1秒待って記事をクリックする
scrapeDetailPage
{ title: '『Laravel』のキャッシュ機構を使ってみる | 東京上野のWeb制作会社LIG',
  url: 'https://liginc.co.jp/408352',
  postDate: '2018.07.06',
  author: 'エリカ',
  categories: 'Web制作;バックエンド',
  ligLikeCount: '14',
  fbLikeCount: '2',
  tweetCount: '9',
  hatenaBCount: 3 }
1秒待って記事をクリックする
scrapeDetailPage
{ title: '毎日2時間YouTubeを見て感じた、コンテンツ制作に重要な4つのこと | 東京上野のWeb制作会社LIG',
  url: 'https://liginc.co.jp/396225',
  postDate: '2018.07.06',
  author: '岩(ガン)',
  categories: 'コンテンツ制作;カメラ/撮影',
  ligLikeCount: '17',
  fbLikeCount: '1',
  tweetCount: '12',
  hatenaBCount: 4 }
1秒待って記事をクリックする
scrapeDetailPage
{ title: '継続率99.2%！ 業務を自動化し攻めの採用を実現する採用管理システム「HITO-Link リクルーティング」がすごい！ | 東京上野のWeb制作会社LIG',
  url: 'https://liginc.co.jp/407838',
  postDate: '2018.07.05',
  author: 'あきと',
  categories: '人事戦略;経営',
  ligLikeCount: '336',
  fbLikeCount: '751',
  tweetCount: '16',
  hatenaBCount: 1 }
1秒待って記事をクリックする
scrapeDetailPage
{ title: 'ウイスキーのテイスティングバー「Whisky STAND」を始めるので、オープニングスタッフを募集します | 東京上野のWeb制作会社LIG',
  url: 'https://liginc.co.jp/410011',
  postDate: '2018.07.05',
  author: 'とり',
  categories: 'お知らせ/募集;ニュースリリース;採用情報;飲食',
  ligLikeCount: '198',
  fbLikeCount: '132',
  tweetCount: '85',
  hatenaBCount: 1 }
1秒待って記事をクリックする
scrapeDetailPage
{ title: '拠点を大分県豊後大野市に移して1年が過ぎました。田舎に移住して良かったこと悪かったこと | 東京上野のWeb制作会社LIG',
  url: 'https://liginc.co.jp/404541',
  postDate: '2018.07.05',
  author: 'ケン',
  categories: 'LAMP豊後大野;ゲストハウス',
  ligLikeCount: '261',
  fbLikeCount: '243',
  tweetCount: '15',
  hatenaBCount: 4 }
すべての記事を読みました。
存在する場合、ページに遷移
scrapeListPage
https://liginc.co.jp/blog/page/15
1秒待って記事をクリックする
scrapeDetailPage
{ title: '【大手キャリア・格安SIM・050電話】ビジネス向け携帯電話サービスを比較した結果 | 東京上野のWeb制作会社LIG',
  url: 'https://liginc.co.jp/408515',
  postDate: '2018.07.04',
  author: 'よすけ',
  categories: 'Webサービス;ライフ;殿堂入り',
  ligLikeCount: '40',
  fbLikeCount: '966',
  tweetCount: '8',
  hatenaBCount: 4 }
1秒待って記事をクリックする
scrapeDetailPage
{ title: 'アイコン使いや図版が参考になるサイトまとめ | 東京上野のWeb制作会社LIG',
  url: 'https://liginc.co.jp/401187',
  postDate: '2018.07.04',
  author: '藤田',
  categories: 'Web制作;デザイン',
  ligLikeCount: '34',
  fbLikeCount: '10',
  tweetCount: '21',
  hatenaBCount: 5 }
1秒待って記事をクリックする
scrapeDetailPage
{ title: '【2018年4月版】LIGブログ記事広告の実績と効果をご紹介します！ | 東京上野のWeb制作会社LIG',
  url: 'https://liginc.co.jp/399397',
  postDate: '2018.07.04',
  author: 'こやにい',
  categories: 'コンテンツ制作',
  ligLikeCount: '11',
  fbLikeCount: '3',
  tweetCount: '8',
  hatenaBCount: 0 }
1秒待って記事をクリックする
scrapeDetailPage
{ title: 'これを決めればスムーズに進む！ 講演・セミナー依頼のポイント | 東京上野のWeb制作会社LIG',
  url: 'https://liginc.co.jp/404093',
  postDate: '2018.07.03',
  author: 'らら',
  categories: '経営;ビジネススキル',
  ligLikeCount: '33',
  fbLikeCount: '19',
  tweetCount: '12',
  hatenaBCount: 3 }
1秒待って記事をクリックする
scrapeDetailPage
{ title: '新卒エンジニアがセブで働いた3ヶ月間を振り返ります【仕事編】 | 東京上野のWeb制作会社LIG',
  url: 'https://liginc.co.jp/404097',
  postDate: '2018.07.03',
  author: 'ライダー',
  categories: 'Web制作;フロントエンド',
  ligLikeCount: '15',
  fbLikeCount: '6',
  tweetCount: '10',
  hatenaBCount: 0 }
1秒待って記事をクリックする
scrapeDetailPage
{ title: '【完全無料！】Webクリエイタースクール「デジタルハリウッドSTUDIO上野 by LIG」の体験受講がすごかった！ | 東京上野のWeb制作会社LIG',
  url: 'https://liginc.co.jp/404412',
  postDate: '2018.07.03',
  author: 'くみちゃん',
  categories: 'Webクリエイタースクール;教育',
  ligLikeCount: '83',
  fbLikeCount: '475',
  tweetCount: '7',
  hatenaBCount: 1 }
1秒待って記事をクリックする
scrapeDetailPage
{ title: 'おしゃかわ！ イケてる化粧品のサイトまとめ | 東京上野のWeb制作会社LIG',
  url: 'https://liginc.co.jp/403976',
  postDate: '2018.07.02',
  author: 'ヴィクトリア',
  categories: 'Web制作;デザイン',
  ligLikeCount: '29',
  fbLikeCount: '10',
  tweetCount: '19',
  hatenaBCount: 1 }
1秒待って記事をクリックする
scrapeDetailPage
{ title: 'パーヤン式ブレスト法「パンスト」――フラッシュアイディアがフラッシュしない、そんなあなたに。 | 東京上野のWeb制作会社LIG',
  url: 'https://liginc.co.jp/396392',
  postDate: '2018.07.02',
  author: '北川パーヤン',
  categories: 'Web制作;ディレクション',
  ligLikeCount: '51',
  fbLikeCount: '34',
  tweetCount: '17',
  hatenaBCount: 0 }
1秒待って記事をクリックする
scrapeDetailPage
{ title: '強烈な新入社員「佐々木バージニア」を満足させられるのは、どっちか……【差し入れ企画】（Life is Good TV） | 東京上野のWeb制作会社LIG',
  url: 'https://liginc.co.jp/408547',
  postDate: '2018.07.02',
  author: '野田クラクションべべー',
  categories: 'コンテンツ制作;動画',
  ligLikeCount: '8',
  fbLikeCount: '1',
  tweetCount: '7',
  hatenaBCount: 0 }
1秒待って記事をクリックする
scrapeDetailPage
{ title: '制作した動画に客観的な意見がもらえる「STUDIO上野 by LIG」のクラス制授業がめちゃいい | 東京上野のWeb制作会社LIG',
  url: 'https://liginc.co.jp/402226',
  postDate: '2018.07.01',
  author: '野田クラクションべべー',
  categories: 'Webクリエイタースクール;教育',
  ligLikeCount: '30',
  fbLikeCount: '22',
  tweetCount: '8',
  hatenaBCount: 0 }
前半記事を読みきったよ！これから後半記事を読みます
1秒待って記事をクリックする
scrapeDetailPage
